  [1m[35m (36.8ms)[0m  [1m[35mCREATE TABLE "schema_migrations" ("version" character varying NOT NULL PRIMARY KEY)[0m
  [1m[35m (0.0ms)[0m  [1m[35mCREATE TABLE "ar_internal_metadata" ("key" character varying NOT NULL PRIMARY KEY, "value" character varying, "created_at" timestamp NOT NULL, "updated_at" timestamp NOT NULL)[0m
  [1m[35m (0.0ms)[0m  [1m[34mSELECT pg_try_advisory_lock(5861984957280498060)[0m
  [1m[35m (0.0ms)[0m  [1m[34mSELECT "schema_migrations"."version" FROM "schema_migrations" ORDER BY "schema_migrations"."version" ASC[0m
Migrating to CreateArticles (20180407171729)
  [1m[35m (0.0ms)[0m  [1m[35mBEGIN[0m
  [1m[35m (15.6ms)[0m  [1m[35mCREATE TABLE "articles" ("id" bigserial primary key, "title" character varying, "text" text, "created_at" timestamp NOT NULL, "updated_at" timestamp NOT NULL)[0m
  [1m[35mSQL (0.0ms)[0m  [1m[32mINSERT INTO "schema_migrations" ("version") VALUES ($1) RETURNING "version"[0m  [["version", "20180407171729"]]
  [1m[35m (0.0ms)[0m  [1m[35mCOMMIT[0m
  [1m[36mActiveRecord::InternalMetadata Load (2.5ms)[0m  [1m[34mSELECT  "ar_internal_metadata".* FROM "ar_internal_metadata" WHERE "ar_internal_metadata"."key" = $1 LIMIT $2[0m  [["key", "environment"], ["LIMIT", 1]]
  [1m[35m (0.0ms)[0m  [1m[35mBEGIN[0m
  [1m[35mSQL (0.0ms)[0m  [1m[32mINSERT INTO "ar_internal_metadata" ("key", "value", "created_at", "updated_at") VALUES ($1, $2, $3, $4) RETURNING "key"[0m  [["key", "environment"], ["value", "development"], ["created_at", "2018-04-07 17:18:15.401361"], ["updated_at", "2018-04-07 17:18:15.401361"]]
  [1m[35m (0.0ms)[0m  [1m[35mCOMMIT[0m
  [1m[35m (0.0ms)[0m  [1m[34mSELECT pg_advisory_unlock(5861984957280498060)[0m
  [1m[35m (0.0ms)[0m  [1m[34mSELECT "schema_migrations"."version" FROM "schema_migrations" ORDER BY "schema_migrations"."version" ASC[0m
Started GET "/articles/" for 127.0.0.1 at 2018-04-07 20:19:05 +0300
  [1m[35m (2.0ms)[0m  [1m[34mSELECT "schema_migrations"."version" FROM "schema_migrations" ORDER BY "schema_migrations"."version" ASC[0m
Processing by ArticlesController#index as HTML
  Rendering articles/index.html.erb within layouts/application
  [1m[36mArticle Load (1.5ms)[0m  [1m[34mSELECT "articles".* FROM "articles"[0m
  Rendered articles/index.html.erb within layouts/application (10.0ms)
Completed 500 Internal Server Error in 1223ms (ActiveRecord: 3.5ms)


  
ActionView::Template::Error (TypeError: Object doesn't support this property or method):
    4:     <title>Acucu</title>
    5:     <%= csrf_meta_tags %>
    6: 
    7:     <%= stylesheet_link_tag    'application', media: 'all', 'data-turbolinks-track': 'reload' %>
    8:     <%= javascript_include_tag 'application', 'data-turbolinks-track': 'reload' %>
    9:   </head>
   10: 
  
app/views/layouts/application.html.erb:7:in `_app_views_layouts_application_html_erb___1411576338_82222800'
Started GET "/articles/" for 127.0.0.1 at 2018-04-07 20:22:27 +0300
Processing by ArticlesController#index as HTML
  Rendering articles/index.html.erb within layouts/application
  [1m[36mArticle Load (0.0ms)[0m  [1m[34mSELECT "articles".* FROM "articles"[0m
  Rendered articles/index.html.erb within layouts/application (53.0ms)
Completed 200 OK in 400ms (Views: 363.3ms | ActiveRecord: 15.6ms)


Started GET "/articles/" for 127.0.0.1 at 2018-04-07 20:25:42 +0300
Processing by ArticlesController#index as HTML
  Rendering articles/index.html.erb within layouts/application
  [1m[36mArticle Load (0.0ms)[0m  [1m[34mSELECT "articles".* FROM "articles"[0m
  Rendered articles/index.html.erb within layouts/application (15.8ms)
Completed 200 OK in 182ms (Views: 151.0ms | ActiveRecord: 0.0ms)


Started GET "/articles/" for 127.0.0.1 at 2018-04-07 21:19:28 +0300
  [1m[35m (2.0ms)[0m  [1m[34mSELECT "schema_migrations"."version" FROM "schema_migrations" ORDER BY "schema_migrations"."version" ASC[0m
Processing by ArticlesController#index as HTML
  Rendering articles/index.html.erb within layouts/application
  [1m[36mArticle Load (1.0ms)[0m  [1m[34mSELECT "articles".* FROM "articles"[0m
  Rendered articles/index.html.erb within layouts/application (11.0ms)
Completed 200 OK in 492ms (Views: 446.4ms | ActiveRecord: 3.0ms)


Started GET "/articles/" for 127.0.0.1 at 2018-04-07 21:19:47 +0300
Started GET "/articles" for 127.0.0.1 at 2018-04-07 21:19:47 +0300
Processing by ArticlesController#index as HTML
Processing by ArticlesController#index as HTML
  Rendering articles/index.html.erb within layouts/application
  Rendering articles/index.html.erb within layouts/application
  [1m[36mArticle Load (1.5ms)[0m  [1m[34mSELECT "articles".* FROM "articles"[0m
  Rendered articles/index.html.erb within layouts/application (86.1ms)
  [1m[36mArticle Load (3.0ms)[0m  [1m[34mSELECT "articles".* FROM "articles"[0m
  Rendered articles/index.html.erb within layouts/application (106.6ms)
Completed 200 OK in 392ms (Views: 335.2ms | ActiveRecord: 13.5ms)


Completed 200 OK in 386ms (Views: 321.6ms | ActiveRecord: 22.5ms)


Started GET "/articles/new" for 127.0.0.1 at 2018-04-07 21:19:56 +0300
Processing by ArticlesController#new as HTML
  Rendering articles/new.html.erb within layouts/application
  Rendered articles/_form.html.erb (28.0ms)
  Rendered articles/new.html.erb within layouts/application (50.5ms)
Completed 200 OK in 218ms (Views: 175.8ms | ActiveRecord: 10.5ms)


Started POST "/articles" for 127.0.0.1 at 2018-04-07 21:20:11 +0300
Processing by ArticlesController#create as HTML
  Parameters: {"utf8"=>"✓", "authenticity_token"=>"sV8SZxzXr7g4N4Un0wnQtTMFddKZ/in/LBpuRoXZBpk1hn1NUqI3cKXoA0T9w/rz9dCVIAn/mGHba6N+uxn47w==", "article"=>{"title"=>"hello", "text"=>"this is first my article"}, "commit"=>"Create Article"}
  [1m[35m (1.0ms)[0m  [1m[35mBEGIN[0m
  [1m[35mSQL (5.0ms)[0m  [1m[32mINSERT INTO "articles" ("title", "text", "created_at", "updated_at") VALUES ($1, $2, $3, $4) RETURNING "id"[0m  [["title", "hello"], ["text", "this is first my article"], ["created_at", "2018-04-07 18:20:11.521206"], ["updated_at", "2018-04-07 18:20:11.521206"]]
  [1m[35m (1.0ms)[0m  [1m[35mCOMMIT[0m
Redirected to http://localhost:3000/articles/1
Completed 302 Found in 23ms (ActiveRecord: 7.0ms)


Started GET "/articles/1" for 127.0.0.1 at 2018-04-07 21:20:11 +0300
Processing by ArticlesController#show as HTML
  Parameters: {"id"=>"1"}
  [1m[36mArticle Load (0.5ms)[0m  [1m[34mSELECT  "articles".* FROM "articles" WHERE "articles"."id" = $1 LIMIT $2[0m  [["id", 1], ["LIMIT", 1]]
  Rendering articles/show.html.erb within layouts/application
  Rendered articles/show.html.erb within layouts/application (1.5ms)
Completed 200 OK in 158ms (Views: 119.9ms | ActiveRecord: 1.0ms)


Started GET "/articles" for 127.0.0.1 at 2018-04-07 21:20:15 +0300
Processing by ArticlesController#index as HTML
  Rendering articles/index.html.erb within layouts/application
  [1m[36mArticle Load (1.0ms)[0m  [1m[34mSELECT "articles".* FROM "articles"[0m
  Rendered articles/index.html.erb within layouts/application (34.0ms)
Completed 500 Internal Server Error in 118ms (ActiveRecord: 1.0ms)


  
ActionView::Template::Error (undefined method `body' for #<Article:0x000000000dfc6838>):
     8:       </div>
     9: 
    10:       <div>
    11:         <%= raw(article.body).truncate(358) %>
    12:       </div>
    13: 
    14:       <div class="text-center">
  
app/views/articles/index.html.erb:11:in `block in _app_views_articles_index_html_erb__736424429_117363080'
app/views/articles/index.html.erb:3:in `_app_views_articles_index_html_erb__736424429_117363080'
Started GET "/articles" for 127.0.0.1 at 2018-04-07 21:20:56 +0300
Processing by ArticlesController#index as HTML
  Rendering articles/index.html.erb within layouts/application
  [1m[36mArticle Load (0.0ms)[0m  [1m[34mSELECT "articles".* FROM "articles"[0m
  Rendered articles/index.html.erb within layouts/application (5.0ms)
Completed 200 OK in 162ms (Views: 131.6ms | ActiveRecord: 0.0ms)


Started DELETE "/articles/1" for 127.0.0.1 at 2018-04-07 21:21:09 +0300
Processing by ArticlesController#destroy as HTML
  Parameters: {"authenticity_token"=>"Gihh3f0LNgOgxAO36aNWhEuVJJu98pdUuy2CUOVHS3wGtjxnhW9TjQZrGZf03zfUGdeGEEqukSv2a5Yskkzk2w==", "id"=>"1"}
  [1m[36mArticle Load (0.5ms)[0m  [1m[34mSELECT  "articles".* FROM "articles" WHERE "articles"."id" = $1 LIMIT $2[0m  [["id", 1], ["LIMIT", 1]]
  [1m[35m (0.0ms)[0m  [1m[35mBEGIN[0m
  [1m[35mSQL (2.0ms)[0m  [1m[31mDELETE FROM "articles" WHERE "articles"."id" = $1[0m  [["id", 1]]
  [1m[35m (1.0ms)[0m  [1m[35mCOMMIT[0m
Redirected to http://localhost:3000/articles
Completed 302 Found in 19ms (ActiveRecord: 4.0ms)


Started GET "/articles" for 127.0.0.1 at 2018-04-07 21:21:09 +0300
Processing by ArticlesController#index as HTML
  Rendering articles/index.html.erb within layouts/application
  [1m[36mArticle Load (1.0ms)[0m  [1m[34mSELECT "articles".* FROM "articles"[0m
  Rendered articles/index.html.erb within layouts/application (5.0ms)
Completed 200 OK in 152ms (Views: 128.7ms | ActiveRecord: 1.0ms)


Started GET "/articles/new" for 127.0.0.1 at 2018-04-07 21:21:12 +0300
Processing by ArticlesController#new as HTML
  Rendering articles/new.html.erb within layouts/application
  Rendered articles/_form.html.erb (2.0ms)
  Rendered articles/new.html.erb within layouts/application (24.5ms)
Completed 200 OK in 158ms (Views: 136.6ms | ActiveRecord: 0.0ms)


Started POST "/articles" for 127.0.0.1 at 2018-04-07 21:21:28 +0300
Processing by ArticlesController#create as HTML
  Parameters: {"utf8"=>"✓", "authenticity_token"=>"mVFk93sHUDpgwuXsXuS25oGQyYb6xVp7G/64Wi05w5cdiAvdNXLI8v0dY49wLpygR0UpdGrE6+Xsj3ViE/k94Q==", "article"=>{"title"=>"first", "text"=>"thits first my article bla bal bla"}, "commit"=>"Create Article"}
  [1m[35m (0.0ms)[0m  [1m[35mBEGIN[0m
  [1m[35mSQL (1.0ms)[0m  [1m[32mINSERT INTO "articles" ("title", "text", "created_at", "updated_at") VALUES ($1, $2, $3, $4) RETURNING "id"[0m  [["title", "first"], ["text", "thits first my article bla bal bla"], ["created_at", "2018-04-07 18:21:28.174363"], ["updated_at", "2018-04-07 18:21:28.174363"]]
  [1m[35m (1.0ms)[0m  [1m[35mCOMMIT[0m
Redirected to http://localhost:3000/articles/2
Completed 302 Found in 18ms (ActiveRecord: 2.0ms)


Started GET "/articles/2" for 127.0.0.1 at 2018-04-07 21:21:28 +0300
Processing by ArticlesController#show as HTML
  Parameters: {"id"=>"2"}
  [1m[36mArticle Load (0.5ms)[0m  [1m[34mSELECT  "articles".* FROM "articles" WHERE "articles"."id" = $1 LIMIT $2[0m  [["id", 2], ["LIMIT", 1]]
  Rendering articles/show.html.erb within layouts/application
  Rendered articles/show.html.erb within layouts/application (1.0ms)
Completed 200 OK in 145ms (Views: 115.8ms | ActiveRecord: 0.5ms)


Started GET "/articles" for 127.0.0.1 at 2018-04-07 21:21:31 +0300
Processing by ArticlesController#index as HTML
  Rendering articles/index.html.erb within layouts/application
  [1m[36mArticle Load (1.0ms)[0m  [1m[34mSELECT "articles".* FROM "articles"[0m
  Rendered articles/index.html.erb within layouts/application (5.5ms)
Completed 200 OK in 144ms (Views: 120.7ms | ActiveRecord: 1.0ms)


Started GET "/" for 127.0.0.1 at 2018-04-07 21:24:08 +0300
Processing by ArticlesController#index as HTML
  Rendering articles/index.html.erb within layouts/application
  [1m[36mArticle Load (1.0ms)[0m  [1m[34mSELECT "articles".* FROM "articles"[0m
  Rendered articles/index.html.erb within layouts/application (21.5ms)
Completed 200 OK in 179ms (Views: 140.6ms | ActiveRecord: 5.0ms)


Started GET "/articles/new" for 127.0.0.1 at 2018-04-07 21:33:08 +0300
Processing by ArticlesController#new as HTML
Completed 500 Internal Server Error in 29ms (ActiveRecord: 0.0ms)


  
NoMethodError (undefined method `  validates' for #<Class:0x000000000dee3b50>
Did you mean?  validates
               validate
               validates!):
  
app/models/article.rb:2:in `<class:Article>'
app/models/article.rb:1:in `<top (required)>'
app/controllers/articles_controller.rb:17:in `new'
Started GET "/" for 127.0.0.1 at 2018-04-10 14:30:19 +0300
  [1m[35m (2.0ms)[0m  [1m[34mSELECT "schema_migrations"."version" FROM "schema_migrations" ORDER BY "schema_migrations"."version" ASC[0m
Processing by ArticlesController#index as HTML
Completed 500 Internal Server Error in 38ms (ActiveRecord: 4.0ms)


  
NoMethodError (undefined method `  validates' for #<Class:0x0000000009b450d8>
Did you mean?  validates
               validate
               validates!):
  
app/models/article.rb:2:in `<class:Article>'
app/models/article.rb:1:in `<top (required)>'
app/controllers/articles_controller.rb:7:in `index'
Started GET "/" for 127.0.0.1 at 2018-04-10 14:31:19 +0300
Processing by ArticlesController#index as HTML
Completed 500 Internal Server Error in 24ms (ActiveRecord: 0.0ms)


  
NoMethodError (undefined method `  validate' for #<Class:0x000000000c9306f0>
Did you mean?  validate
               validates):
  
app/models/article.rb:2:in `<class:Article>'
app/models/article.rb:1:in `<top (required)>'
app/controllers/articles_controller.rb:7:in `index'
Started GET "/" for 127.0.0.1 at 2018-04-10 14:32:20 +0300
Processing by ArticlesController#index as HTML
Completed 500 Internal Server Error in 8ms (ActiveRecord: 0.0ms)


  
ArgumentError (Unknown key: :presence. Valid keys are: :on, :if, :unless, :prepend. Perhaps you meant to call `validates` instead of `validate`?):
  
app/models/article.rb:2:in `<class:Article>'
app/models/article.rb:1:in `<top (required)>'
app/controllers/articles_controller.rb:7:in `index'
Started GET "/" for 127.0.0.1 at 2018-04-10 14:35:31 +0300
Processing by ArticlesController#index as HTML
Completed 500 Internal Server Error in 7ms (ActiveRecord: 0.0ms)


  
ArgumentError (Unknown key: :presence. Valid keys are: :on, :if, :unless, :prepend. Perhaps you meant to call `validates` instead of `validate`?):
  
app/models/article.rb:2:in `<class:Article>'
app/models/article.rb:1:in `<top (required)>'
app/controllers/articles_controller.rb:7:in `index'
Started GET "/" for 127.0.0.1 at 2018-04-10 14:38:29 +0300
Processing by ArticlesController#index as HTML
Completed 500 Internal Server Error in 7ms (ActiveRecord: 0.0ms)


  
ArgumentError (Unknown key: :presence. Valid keys are: :on, :if, :unless, :prepend. Perhaps you meant to call `validates` instead of `validate`?):
  
app/models/article.rb:2:in `<class:Article>'
app/models/article.rb:1:in `<top (required)>'
app/controllers/articles_controller.rb:7:in `index'
Started GET "/" for 127.0.0.1 at 2018-04-10 14:39:32 +0300
Processing by ArticlesController#index as HTML
Completed 500 Internal Server Error in 7ms (ActiveRecord: 0.0ms)


  
ArgumentError (Unknown validator: '                    lengthValidator'):
  
app/models/article.rb:2:in `<class:Article>'
app/models/article.rb:1:in `<top (required)>'
app/controllers/articles_controller.rb:7:in `index'
Started GET "/" for 127.0.0.1 at 2018-04-10 14:40:34 +0300
Processing by ArticlesController#index as HTML
  Rendering articles/index.html.erb within layouts/application
  [1m[36mArticle Load (2.8ms)[0m  [1m[34mSELECT "articles".* FROM "articles"[0m
  Rendered articles/index.html.erb within layouts/application (27.8ms)
Completed 200 OK in 452ms (Views: 413.3ms | ActiveRecord: 12.3ms)


Started GET "/" for 127.0.0.1 at 2018-04-10 14:43:27 +0300
Processing by ArticlesController#index as HTML
  Rendering articles/index.html.erb within layouts/application
  [1m[36mArticle Load (1.5ms)[0m  [1m[34mSELECT "articles".* FROM "articles"[0m
  Rendered articles/index.html.erb within layouts/application (6.8ms)
Completed 200 OK in 142ms (Views: 118.6ms | ActiveRecord: 1.5ms)


Started GET "/" for 127.0.0.1 at 2018-04-10 16:41:27 +0300
  [1m[35m (0.5ms)[0m  [1m[34mSELECT "schema_migrations"."version" FROM "schema_migrations" ORDER BY "schema_migrations"."version" ASC[0m
  
ActiveRecord::PendingMigrationError (

Migrations are pending. To resolve this issue, run:

        bin/rails db:migrate RAILS_ENV=development

):
  
activerecord (5.1.6) lib/active_record/migration.rb:576:in `check_pending!'
activerecord (5.1.6) lib/active_record/migration.rb:553:in `call'
actionpack (5.1.6) lib/action_dispatch/middleware/callbacks.rb:26:in `block in call'
activesupport (5.1.6) lib/active_support/callbacks.rb:97:in `run_callbacks'
actionpack (5.1.6) lib/action_dispatch/middleware/callbacks.rb:24:in `call'
actionpack (5.1.6) lib/action_dispatch/middleware/executor.rb:12:in `call'
actionpack (5.1.6) lib/action_dispatch/middleware/debug_exceptions.rb:59:in `call'
web-console (3.5.1) lib/web_console/middleware.rb:135:in `call_app'
web-console (3.5.1) lib/web_console/middleware.rb:28:in `block in call'
web-console (3.5.1) lib/web_console/middleware.rb:18:in `catch'
web-console (3.5.1) lib/web_console/middleware.rb:18:in `call'
actionpack (5.1.6) lib/action_dispatch/middleware/show_exceptions.rb:31:in `call'
railties (5.1.6) lib/rails/rack/logger.rb:36:in `call_app'
railties (5.1.6) lib/rails/rack/logger.rb:24:in `block in call'
activesupport (5.1.6) lib/active_support/tagged_logging.rb:69:in `block in tagged'
activesupport (5.1.6) lib/active_support/tagged_logging.rb:26:in `tagged'
activesupport (5.1.6) lib/active_support/tagged_logging.rb:69:in `tagged'
railties (5.1.6) lib/rails/rack/logger.rb:24:in `call'
sprockets-rails (3.2.1) lib/sprockets/rails/quiet_assets.rb:13:in `call'
actionpack (5.1.6) lib/action_dispatch/middleware/remote_ip.rb:79:in `call'
actionpack (5.1.6) lib/action_dispatch/middleware/request_id.rb:25:in `call'
rack (2.0.4) lib/rack/method_override.rb:22:in `call'
rack (2.0.4) lib/rack/runtime.rb:22:in `call'
activesupport (5.1.6) lib/active_support/cache/strategy/local_cache_middleware.rb:27:in `call'
actionpack (5.1.6) lib/action_dispatch/middleware/executor.rb:12:in `call'
actionpack (5.1.6) lib/action_dispatch/middleware/static.rb:125:in `call'
rack (2.0.4) lib/rack/sendfile.rb:111:in `call'
railties (5.1.6) lib/rails/engine.rb:522:in `call'
puma (3.11.3) lib/puma/configuration.rb:225:in `call'
puma (3.11.3) lib/puma/server.rb:624:in `handle_request'
puma (3.11.3) lib/puma/server.rb:438:in `process_client'
puma (3.11.3) lib/puma/server.rb:302:in `block in run'
puma (3.11.3) lib/puma/thread_pool.rb:120:in `block in spawn_thread'
  [1m[35m (0.5ms)[0m  [1m[34mSELECT pg_try_advisory_lock(5861984957280498060)[0m
  [1m[35m (1.5ms)[0m  [1m[34mSELECT "schema_migrations"."version" FROM "schema_migrations" ORDER BY "schema_migrations"."version" ASC[0m
Migrating to CreateComments (20180410131539)
  [1m[35m (0.0ms)[0m  [1m[35mBEGIN[0m
  [1m[35m (34.9ms)[0m  [1m[35mCREATE TABLE "comments" ("id" bigserial primary key, "commenter" character varying, "body" text, "article_id" bigint, "created_at" timestamp NOT NULL, "updated_at" timestamp NOT NULL, CONSTRAINT "fk_rails_3bf61a60d3"
FOREIGN KEY ("article_id")
  REFERENCES "articles" ("id")
)[0m
  [1m[35m (5.0ms)[0m  [1m[35mCREATE  INDEX  "index_comments_on_article_id" ON "comments"  ("article_id")[0m
  [1m[35mSQL (1.0ms)[0m  [1m[32mINSERT INTO "schema_migrations" ("version") VALUES ($1) RETURNING "version"[0m  [["version", "20180410131539"]]
  [1m[35m (1.5ms)[0m  [1m[35mCOMMIT[0m
  [1m[36mActiveRecord::InternalMetadata Load (1.5ms)[0m  [1m[34mSELECT  "ar_internal_metadata".* FROM "ar_internal_metadata" WHERE "ar_internal_metadata"."key" = $1 LIMIT $2[0m  [["key", "environment"], ["LIMIT", 1]]
  [1m[35m (0.0ms)[0m  [1m[35mBEGIN[0m
  [1m[35m (0.5ms)[0m  [1m[35mCOMMIT[0m
  [1m[35m (0.5ms)[0m  [1m[34mSELECT pg_advisory_unlock(5861984957280498060)[0m
  [1m[35m (0.5ms)[0m  [1m[34mSELECT "schema_migrations"."version" FROM "schema_migrations" ORDER BY "schema_migrations"."version" ASC[0m
Started GET "/" for 127.0.0.1 at 2018-04-10 16:42:16 +0300
  [1m[35m (0.5ms)[0m  [1m[34mSELECT "schema_migrations"."version" FROM "schema_migrations" ORDER BY "schema_migrations"."version" ASC[0m
Processing by ArticlesController#index as HTML
  Rendering articles/index.html.erb within layouts/application
  [1m[36mArticle Load (2.0ms)[0m  [1m[34mSELECT "articles".* FROM "articles"[0m
  Rendered articles/index.html.erb within layouts/application (18.0ms)
Completed 500 Internal Server Error in 701ms (ActiveRecord: 7.5ms)


  
ActionView::Template::Error (TypeError: Object doesn't support this property or method):
     5:     <%= csrf_meta_tags %>
     6: 
     7:     <%= stylesheet_link_tag    'application', media: 'all', 'data-turbolinks-track': 'reload' %>
     8:     <%= javascript_include_tag 'application', 'data-turbolinks-track': 'reload' %>
     9:   </head>
    10: 
    11:   <body>
  
app/views/layouts/application.html.erb:8:in `_app_views_layouts_application_html_erb__413481473_119386260'
Started GET "/" for 127.0.0.1 at 2018-04-10 16:43:35 +0300
Processing by ArticlesController#index as HTML
  Rendering articles/index.html.erb within layouts/application
  [1m[36mArticle Load (1.0ms)[0m  [1m[34mSELECT "articles".* FROM "articles"[0m
  Rendered articles/index.html.erb within layouts/application (6.5ms)
Completed 200 OK in 234ms (Views: 211.2ms | ActiveRecord: 1.0ms)


Started GET "/articles/2" for 127.0.0.1 at 2018-04-10 16:43:42 +0300
Processing by ArticlesController#show as HTML
  Parameters: {"id"=>"2"}
  [1m[36mArticle Load (0.5ms)[0m  [1m[34mSELECT  "articles".* FROM "articles" WHERE "articles"."id" = $1 LIMIT $2[0m  [["id", 2], ["LIMIT", 1]]
  Rendering articles/show.html.erb within layouts/application
  Rendered articles/show.html.erb within layouts/application (99.1ms)
Completed 200 OK in 264ms (Views: 226.0ms | ActiveRecord: 5.0ms)


Started POST "/articles/2/comments" for 127.0.0.1 at 2018-04-10 16:44:00 +0300
  
AbstractController::ActionNotFound (The action 'create' could not be found for CommentsController):
  
actionpack (5.1.6) lib/abstract_controller/base.rb:119:in `process'
actionview (5.1.6) lib/action_view/rendering.rb:30:in `process'
actionpack (5.1.6) lib/action_controller/metal.rb:189:in `dispatch'
actionpack (5.1.6) lib/action_controller/metal.rb:253:in `dispatch'
actionpack (5.1.6) lib/action_dispatch/routing/route_set.rb:49:in `dispatch'
actionpack (5.1.6) lib/action_dispatch/routing/route_set.rb:31:in `serve'
actionpack (5.1.6) lib/action_dispatch/journey/router.rb:50:in `block in serve'
actionpack (5.1.6) lib/action_dispatch/journey/router.rb:33:in `each'
actionpack (5.1.6) lib/action_dispatch/journey/router.rb:33:in `serve'
actionpack (5.1.6) lib/action_dispatch/routing/route_set.rb:844:in `call'
rack (2.0.4) lib/rack/etag.rb:25:in `call'
rack (2.0.4) lib/rack/conditional_get.rb:38:in `call'
rack (2.0.4) lib/rack/head.rb:12:in `call'
rack (2.0.4) lib/rack/session/abstract/id.rb:232:in `context'
rack (2.0.4) lib/rack/session/abstract/id.rb:226:in `call'
actionpack (5.1.6) lib/action_dispatch/middleware/cookies.rb:613:in `call'
activerecord (5.1.6) lib/active_record/migration.rb:556:in `call'
actionpack (5.1.6) lib/action_dispatch/middleware/callbacks.rb:26:in `block in call'
activesupport (5.1.6) lib/active_support/callbacks.rb:97:in `run_callbacks'
actionpack (5.1.6) lib/action_dispatch/middleware/callbacks.rb:24:in `call'
actionpack (5.1.6) lib/action_dispatch/middleware/executor.rb:12:in `call'
actionpack (5.1.6) lib/action_dispatch/middleware/debug_exceptions.rb:59:in `call'
web-console (3.5.1) lib/web_console/middleware.rb:135:in `call_app'
web-console (3.5.1) lib/web_console/middleware.rb:28:in `block in call'
web-console (3.5.1) lib/web_console/middleware.rb:18:in `catch'
web-console (3.5.1) lib/web_console/middleware.rb:18:in `call'
actionpack (5.1.6) lib/action_dispatch/middleware/show_exceptions.rb:31:in `call'
railties (5.1.6) lib/rails/rack/logger.rb:36:in `call_app'
railties (5.1.6) lib/rails/rack/logger.rb:24:in `block in call'
activesupport (5.1.6) lib/active_support/tagged_logging.rb:69:in `block in tagged'
activesupport (5.1.6) lib/active_support/tagged_logging.rb:26:in `tagged'
activesupport (5.1.6) lib/active_support/tagged_logging.rb:69:in `tagged'
railties (5.1.6) lib/rails/rack/logger.rb:24:in `call'
sprockets-rails (3.2.1) lib/sprockets/rails/quiet_assets.rb:13:in `call'
actionpack (5.1.6) lib/action_dispatch/middleware/remote_ip.rb:79:in `call'
actionpack (5.1.6) lib/action_dispatch/middleware/request_id.rb:25:in `call'
rack (2.0.4) lib/rack/method_override.rb:22:in `call'
rack (2.0.4) lib/rack/runtime.rb:22:in `call'
activesupport (5.1.6) lib/active_support/cache/strategy/local_cache_middleware.rb:27:in `call'
actionpack (5.1.6) lib/action_dispatch/middleware/executor.rb:12:in `call'
actionpack (5.1.6) lib/action_dispatch/middleware/static.rb:125:in `call'
rack (2.0.4) lib/rack/sendfile.rb:111:in `call'
railties (5.1.6) lib/rails/engine.rb:522:in `call'
puma (3.11.3) lib/puma/configuration.rb:225:in `call'
puma (3.11.3) lib/puma/server.rb:624:in `handle_request'
puma (3.11.3) lib/puma/server.rb:438:in `process_client'
puma (3.11.3) lib/puma/server.rb:302:in `block in run'
puma (3.11.3) lib/puma/thread_pool.rb:120:in `block in spawn_thread'
Started GET "/articles/2/comments" for 127.0.0.1 at 2018-04-10 16:45:12 +0300
  
ActionController::RoutingError (undefined local variable or method `create' for CommentsController:Class):
  
app/controllers/comments_controller.rb:2:in `<class:CommentsController>'
app/controllers/comments_controller.rb:1:in `<top (required)>'
Started POST "/articles/2/comments" for 127.0.0.1 at 2018-04-10 16:45:26 +0300
  
ActionController::RoutingError (undefined local variable or method `create' for CommentsController:Class):
  
app/controllers/comments_controller.rb:2:in `<class:CommentsController>'
app/controllers/comments_controller.rb:1:in `<top (required)>'
Started POST "/articles/2/comments" for 127.0.0.1 at 2018-04-10 16:47:15 +0300
  
SyntaxError (C:/Users/cucua/workspace/acucu/app/controllers/comments_controller.rb:11: syntax error, unexpected end-of-input, expecting keyword_end):
  
app/controllers/comments_controller.rb:11: syntax error, unexpected end-of-input, expecting keyword_end
Started POST "/articles/2/comments" for 127.0.0.1 at 2018-04-10 16:48:48 +0300
Processing by CommentsController#create as HTML
  Parameters: {"utf8"=>"✓", "authenticity_token"=>"Ku/n2xAEz8rXnnyla2SXCvSGqtPDZ7Uw63JLcCta6YKZy+K7hvFyviAeRCYitnveDuI8gP1thZDMxAazI4uzsA==", "comment"=>{"commenter"=>"Alex", "body"=>"Hello"}, "commit"=>"Create Comment", "article_id"=>"2"}
  [1m[36mArticle Load (0.5ms)[0m  [1m[34mSELECT  "articles".* FROM "articles" WHERE "articles"."id" = $1 LIMIT $2[0m  [["id", 2], ["LIMIT", 1]]
  [1m[35m (0.0ms)[0m  [1m[35mBEGIN[0m
  [1m[35mSQL (4.0ms)[0m  [1m[32mINSERT INTO "comments" ("commenter", "body", "article_id", "created_at", "updated_at") VALUES ($1, $2, $3, $4, $5) RETURNING "id"[0m  [["commenter", "Alex"], ["body", "Hello"], ["article_id", 2], ["created_at", "2018-04-10 13:48:48.427327"], ["updated_at", "2018-04-10 13:48:48.427327"]]
  [1m[35m (1.0ms)[0m  [1m[35mCOMMIT[0m
Redirected to http://localhost:3000/articles/2
Completed 302 Found in 59ms (ActiveRecord: 16.5ms)


Started GET "/articles/2" for 127.0.0.1 at 2018-04-10 16:48:48 +0300
Processing by ArticlesController#show as HTML
  Parameters: {"id"=>"2"}
  [1m[36mArticle Load (0.0ms)[0m  [1m[34mSELECT  "articles".* FROM "articles" WHERE "articles"."id" = $1 LIMIT $2[0m  [["id", 2], ["LIMIT", 1]]
  Rendering articles/show.html.erb within layouts/application
  Rendered articles/show.html.erb within layouts/application (5.0ms)
Completed 200 OK in 168ms (Views: 141.6ms | ActiveRecord: 0.5ms)


Started GET "/articles/2" for 127.0.0.1 at 2018-04-10 16:50:43 +0300
Processing by ArticlesController#show as HTML
  Parameters: {"id"=>"2"}
  [1m[36mArticle Load (0.5ms)[0m  [1m[34mSELECT  "articles".* FROM "articles" WHERE "articles"."id" = $1 LIMIT $2[0m  [["id", 2], ["LIMIT", 1]]
  Rendering articles/show.html.erb within layouts/application
  [1m[36mComment Load (0.5ms)[0m  [1m[34mSELECT "comments".* FROM "comments" WHERE "comments"."article_id" = $1[0m  [["article_id", 2]]
  Rendered articles/show.html.erb within layouts/application (8.1ms)
Completed 200 OK in 154ms (Views: 129.2ms | ActiveRecord: 1.0ms)


Started POST "/articles/2/comments" for 127.0.0.1 at 2018-04-10 16:51:23 +0300
Processing by CommentsController#create as HTML
  Parameters: {"utf8"=>"✓", "authenticity_token"=>"rg6VKF8RsoVax/aOQkBLmV3l3+YlLTRiBLEtj+Vhc24dKpBIyeQP8a1Hzg0LkqdNp4FJtRsnBMIjB2BM7bApXA==", "comment"=>{"commenter"=>"Marinus", "body"=>"Eu nu intelege ce se intampla aicea"}, "commit"=>"Create Comment", "article_id"=>"2"}
  [1m[36mArticle Load (0.0ms)[0m  [1m[34mSELECT  "articles".* FROM "articles" WHERE "articles"."id" = $1 LIMIT $2[0m  [["id", 2], ["LIMIT", 1]]
  [1m[35m (0.5ms)[0m  [1m[35mBEGIN[0m
  [1m[35mSQL (1.5ms)[0m  [1m[32mINSERT INTO "comments" ("commenter", "body", "article_id", "created_at", "updated_at") VALUES ($1, $2, $3, $4, $5) RETURNING "id"[0m  [["commenter", "Marinus"], ["body", "Eu nu intelege ce se intampla aicea"], ["article_id", 2], ["created_at", "2018-04-10 13:51:23.609769"], ["updated_at", "2018-04-10 13:51:23.609769"]]
  [1m[35m (1.0ms)[0m  [1m[35mCOMMIT[0m
Redirected to http://localhost:3000/articles/2
Completed 302 Found in 18ms (ActiveRecord: 3.0ms)


Started GET "/articles/2" for 127.0.0.1 at 2018-04-10 16:51:23 +0300
Processing by ArticlesController#show as HTML
  Parameters: {"id"=>"2"}
  [1m[36mArticle Load (0.5ms)[0m  [1m[34mSELECT  "articles".* FROM "articles" WHERE "articles"."id" = $1 LIMIT $2[0m  [["id", 2], ["LIMIT", 1]]
  Rendering articles/show.html.erb within layouts/application
  [1m[36mComment Load (0.5ms)[0m  [1m[34mSELECT "comments".* FROM "comments" WHERE "comments"."article_id" = $1[0m  [["article_id", 2]]
  Rendered articles/show.html.erb within layouts/application (9.5ms)
Completed 200 OK in 165ms (Views: 139.1ms | ActiveRecord: 1.0ms)


Started GET "/articles/2" for 127.0.0.1 at 2018-04-10 16:52:37 +0300
Processing by ArticlesController#show as HTML
  Parameters: {"id"=>"2"}
  [1m[36mArticle Load (0.5ms)[0m  [1m[34mSELECT  "articles".* FROM "articles" WHERE "articles"."id" = $1 LIMIT $2[0m  [["id", 2], ["LIMIT", 1]]
  Rendering articles/show.html.erb within layouts/application
  [1m[36mComment Load (1.5ms)[0m  [1m[34mSELECT "comments".* FROM "comments" WHERE "comments"."article_id" = $1[0m  [["article_id", 2]]
  Rendered articles/show.html.erb within layouts/application (9.0ms)
Completed 200 OK in 164ms (Views: 136.1ms | ActiveRecord: 2.0ms)


Started GET "/articles/2" for 127.0.0.1 at 2018-04-10 16:52:51 +0300
Processing by ArticlesController#show as HTML
  Parameters: {"id"=>"2"}
  [1m[36mArticle Load (0.5ms)[0m  [1m[34mSELECT  "articles".* FROM "articles" WHERE "articles"."id" = $1 LIMIT $2[0m  [["id", 2], ["LIMIT", 1]]
  Rendering articles/show.html.erb within layouts/application
  [1m[36mComment Load (1.0ms)[0m  [1m[34mSELECT "comments".* FROM "comments" WHERE "comments"."article_id" = $1[0m  [["article_id", 2]]
  Rendered articles/show.html.erb within layouts/application (8.0ms)
Completed 200 OK in 148ms (Views: 121.9ms | ActiveRecord: 1.5ms)


Started GET "/articles/2" for 127.0.0.1 at 2018-04-10 16:56:29 +0300
Processing by ArticlesController#show as HTML
  Parameters: {"id"=>"2"}
  [1m[36mArticle Load (0.5ms)[0m  [1m[34mSELECT  "articles".* FROM "articles" WHERE "articles"."id" = $1 LIMIT $2[0m  [["id", 2], ["LIMIT", 1]]
  Rendering articles/show.html.erb within layouts/application
  [1m[36mComment Load (1.0ms)[0m  [1m[34mSELECT "comments".* FROM "comments" WHERE "comments"."article_id" = $1[0m  [["article_id", 2]]
  Rendered articles/show.html.erb within layouts/application (174.1ms)
Completed 500 Internal Server Error in 262ms (ActiveRecord: 1.5ms)


  
ActionView::Template::Error (undefined method `comment_path' for #<#<Class:0x00000000094ef648>:0x000000000e6d4800>
Did you mean?  font_path):
    21:     <strong>Comment:</strong>
    22:     <%= comment.body %>
    23:   </p>
    24: <%= link_to 'Delete Comment', comment_path(comment), method: :delete, data: { confirm: 'Are you sure?' } %>
    25: <% end %>
    26: <h2>Add a comment:</h2>
    27: <%= form_with(model: [ @article, @article.comments.build ], local: true) do |form| %>
  
app/views/articles/show.html.erb:24:in `block in _app_views_articles_show_html_erb___105840086_121023080'
app/views/articles/show.html.erb:15:in `_app_views_articles_show_html_erb___105840086_121023080'
Started GET "/articles/2" for 127.0.0.1 at 2018-04-10 17:03:54 +0300
Processing by ArticlesController#show as HTML
  Parameters: {"id"=>"2"}
  [1m[36mArticle Load (0.5ms)[0m  [1m[34mSELECT  "articles".* FROM "articles" WHERE "articles"."id" = $1 LIMIT $2[0m  [["id", 2], ["LIMIT", 1]]
  Rendering articles/show.html.erb within layouts/application
  [1m[36mComment Load (0.5ms)[0m  [1m[34mSELECT "comments".* FROM "comments" WHERE "comments"."article_id" = $1[0m  [["article_id", 2]]
  Rendered articles/show.html.erb within layouts/application (193.4ms)
Completed 500 Internal Server Error in 310ms (ActiveRecord: 11.5ms)


  
ActionView::Template::Error (undefined method `comment_path' for #<#<Class:0x000000000ea5a498>:0x000000000ea58378>
Did you mean?  font_path):
    21:     <strong>Comment:</strong>
    22:     <%= comment.body %>
    23:   </p>
    24: <%= link_to 'Delete Comment', comment_path(comment), method: :delete, data: { confirm: 'Are you sure?' } %>
    25: <% end %>
    26: <h2>Add a comment:</h2>
    27: <%= form_with(model: [ @article, @article.comments.build ], local: true) do |form| %>
  
app/views/articles/show.html.erb:24:in `block in _app_views_articles_show_html_erb___105840086_122869560'
app/views/articles/show.html.erb:15:in `_app_views_articles_show_html_erb___105840086_122869560'
Started GET "/articles/2" for 127.0.0.1 at 2018-04-10 17:04:34 +0300
  [1m[35m (2.0ms)[0m  [1m[34mSELECT "schema_migrations"."version" FROM "schema_migrations" ORDER BY "schema_migrations"."version" ASC[0m
Processing by ArticlesController#show as HTML
  Parameters: {"id"=>"2"}
  [1m[36mArticle Load (1.5ms)[0m  [1m[34mSELECT  "articles".* FROM "articles" WHERE "articles"."id" = $1 LIMIT $2[0m  [["id", 2], ["LIMIT", 1]]
  Rendering articles/show.html.erb within layouts/application
  [1m[36mComment Load (1.5ms)[0m  [1m[34mSELECT "comments".* FROM "comments" WHERE "comments"."article_id" = $1[0m  [["article_id", 2]]
  Rendered articles/show.html.erb within layouts/application (225.8ms)
Completed 500 Internal Server Error in 368ms (ActiveRecord: 14.5ms)


  
ActionView::Template::Error (undefined method `comment_path' for #<#<Class:0x0000000009c95b68>:0x0000000009ce77b0>
Did you mean?  font_path):
    21:     <strong>Comment:</strong>
    22:     <%= comment.body %>
    23:   </p>
    24: <%= link_to 'Delete Comment', comment_path(comment), method: :delete, data: { confirm: 'Are you sure?' } %>
    25: <% end %>
    26: <h2>Add a comment:</h2>
    27: <%= form_with(model: [ @article, @article.comments.build ], local: true) do |form| %>
  
app/views/articles/show.html.erb:24:in `block in _app_views_articles_show_html_erb__1633128964_82097320'
app/views/articles/show.html.erb:15:in `_app_views_articles_show_html_erb__1633128964_82097320'
Started GET "/articles/2" for 127.0.0.1 at 2018-04-10 17:13:30 +0300
  [1m[35m (1.0ms)[0m  [1m[34mSELECT "schema_migrations"."version" FROM "schema_migrations" ORDER BY "schema_migrations"."version" ASC[0m
Processing by ArticlesController#show as HTML
  Parameters: {"id"=>"2"}
  [1m[36mArticle Load (1.5ms)[0m  [1m[34mSELECT  "articles".* FROM "articles" WHERE "articles"."id" = $1 LIMIT $2[0m  [["id", 2], ["LIMIT", 1]]
  Rendering articles/show.html.erb within layouts/application
  [1m[36mComment Load (1.5ms)[0m  [1m[34mSELECT "comments".* FROM "comments" WHERE "comments"."article_id" = $1[0m  [["article_id", 2]]
  Rendered articles/show.html.erb within layouts/application (97.2ms)
Completed 200 OK in 651ms (Views: 574.7ms | ActiveRecord: 13.2ms)


Started DELETE "/articles/2/comments/2" for 127.0.0.1 at 2018-04-10 17:14:25 +0300
Processing by CommentsController#destroy as HTML
  Parameters: {"authenticity_token"=>"rY3gxsWxRX1W/Te8gOZYgLEIMUg7qbFO1UzYsAnjCGoeqeWmU0T4CaF9Dz/JNLRUS2ynGwWjge7y+pVzATJSWA==", "article_id"=>"2", "id"=>"2"}
Completed 500 Internal Server Error in 3ms (ActiveRecord: 0.0ms)


  
NoMethodError (undefined method `destroy' for nil:NilClass):
  
app/controllers/comments_controller.rb:8:in `destroy'
Started GET "/" for 127.0.0.1 at 2018-04-10 18:47:09 +0300
Processing by ArticlesController#index as HTML
  Rendering articles/index.html.erb within layouts/application
  [1m[36mArticle Load (1.5ms)[0m  [1m[34mSELECT "articles".* FROM "articles"[0m
  Rendered articles/index.html.erb within layouts/application (56.8ms)
Completed 200 OK in 197ms (Views: 164.5ms | ActiveRecord: 10.5ms)


Started GET "/articles/2" for 127.0.0.1 at 2018-04-10 18:47:12 +0300
Processing by ArticlesController#show as HTML
  Parameters: {"id"=>"2"}
  [1m[36mArticle Load (0.5ms)[0m  [1m[34mSELECT  "articles".* FROM "articles" WHERE "articles"."id" = $1 LIMIT $2[0m  [["id", 2], ["LIMIT", 1]]
  Rendering articles/show.html.erb within layouts/application
  [1m[36mComment Load (1.0ms)[0m  [1m[34mSELECT "comments".* FROM "comments" WHERE "comments"."article_id" = $1[0m  [["article_id", 2]]
  Rendered articles/show.html.erb within layouts/application (8.3ms)
Completed 200 OK in 149ms (Views: 120.6ms | ActiveRecord: 1.5ms)


Started DELETE "/articles/1/comments/2" for 127.0.0.1 at 2018-04-10 18:47:20 +0300
Processing by CommentsController#destroy as HTML
  Parameters: {"authenticity_token"=>"z2wSRlMkAJg23qUpRpO+lr+um8o9QTpg+zWojUTWTkl8SBcmxdG97MFenaoPQVJCRcoNmQNLCsDcg+VOTAcUew==", "article_id"=>"1", "id"=>"2"}
Completed 500 Internal Server Error in 5ms (ActiveRecord: 0.0ms)


  
NoMethodError (undefined method `destroy' for nil:NilClass):
  
app/controllers/comments_controller.rb:8:in `destroy'
Started DELETE "/articles/1/comments/2" for 127.0.0.1 at 2018-04-10 18:49:24 +0300
Processing by CommentsController#destroy as HTML
  Parameters: {"authenticity_token"=>"z2wSRlMkAJg23qUpRpO+lr+um8o9QTpg+zWojUTWTkl8SBcmxdG97MFenaoPQVJCRcoNmQNLCsDcg+VOTAcUew==", "article_id"=>"1", "id"=>"2"}
Completed 500 Internal Server Error in 4ms (ActiveRecord: 0.0ms)


  
NoMethodError (undefined method `comment' for nil:NilClass):
  
app/controllers/comments_controller.rb:8:in `destroy'
Started GET "/articles/1/comments/2" for 127.0.0.1 at 2018-04-10 19:07:13 +0300
  
AbstractController::ActionNotFound (The action 'show' could not be found for CommentsController):
  
actionpack (5.1.6) lib/abstract_controller/base.rb:119:in `process'
actionview (5.1.6) lib/action_view/rendering.rb:30:in `process'
actionpack (5.1.6) lib/action_controller/metal.rb:189:in `dispatch'
actionpack (5.1.6) lib/action_controller/metal.rb:253:in `dispatch'
actionpack (5.1.6) lib/action_dispatch/routing/route_set.rb:49:in `dispatch'
actionpack (5.1.6) lib/action_dispatch/routing/route_set.rb:31:in `serve'
actionpack (5.1.6) lib/action_dispatch/journey/router.rb:50:in `block in serve'
actionpack (5.1.6) lib/action_dispatch/journey/router.rb:33:in `each'
actionpack (5.1.6) lib/action_dispatch/journey/router.rb:33:in `serve'
actionpack (5.1.6) lib/action_dispatch/routing/route_set.rb:844:in `call'
rack (2.0.4) lib/rack/etag.rb:25:in `call'
rack (2.0.4) lib/rack/conditional_get.rb:25:in `call'
rack (2.0.4) lib/rack/head.rb:12:in `call'
rack (2.0.4) lib/rack/session/abstract/id.rb:232:in `context'
rack (2.0.4) lib/rack/session/abstract/id.rb:226:in `call'
actionpack (5.1.6) lib/action_dispatch/middleware/cookies.rb:613:in `call'
activerecord (5.1.6) lib/active_record/migration.rb:556:in `call'
actionpack (5.1.6) lib/action_dispatch/middleware/callbacks.rb:26:in `block in call'
activesupport (5.1.6) lib/active_support/callbacks.rb:97:in `run_callbacks'
actionpack (5.1.6) lib/action_dispatch/middleware/callbacks.rb:24:in `call'
actionpack (5.1.6) lib/action_dispatch/middleware/executor.rb:12:in `call'
actionpack (5.1.6) lib/action_dispatch/middleware/debug_exceptions.rb:59:in `call'
web-console (3.5.1) lib/web_console/middleware.rb:135:in `call_app'
web-console (3.5.1) lib/web_console/middleware.rb:28:in `block in call'
web-console (3.5.1) lib/web_console/middleware.rb:18:in `catch'
web-console (3.5.1) lib/web_console/middleware.rb:18:in `call'
actionpack (5.1.6) lib/action_dispatch/middleware/show_exceptions.rb:31:in `call'
railties (5.1.6) lib/rails/rack/logger.rb:36:in `call_app'
railties (5.1.6) lib/rails/rack/logger.rb:24:in `block in call'
activesupport (5.1.6) lib/active_support/tagged_logging.rb:69:in `block in tagged'
activesupport (5.1.6) lib/active_support/tagged_logging.rb:26:in `tagged'
activesupport (5.1.6) lib/active_support/tagged_logging.rb:69:in `tagged'
railties (5.1.6) lib/rails/rack/logger.rb:24:in `call'
sprockets-rails (3.2.1) lib/sprockets/rails/quiet_assets.rb:13:in `call'
actionpack (5.1.6) lib/action_dispatch/middleware/remote_ip.rb:79:in `call'
actionpack (5.1.6) lib/action_dispatch/middleware/request_id.rb:25:in `call'
rack (2.0.4) lib/rack/method_override.rb:22:in `call'
rack (2.0.4) lib/rack/runtime.rb:22:in `call'
activesupport (5.1.6) lib/active_support/cache/strategy/local_cache_middleware.rb:27:in `call'
actionpack (5.1.6) lib/action_dispatch/middleware/executor.rb:12:in `call'
actionpack (5.1.6) lib/action_dispatch/middleware/static.rb:125:in `call'
rack (2.0.4) lib/rack/sendfile.rb:111:in `call'
railties (5.1.6) lib/rails/engine.rb:522:in `call'
puma (3.11.3) lib/puma/configuration.rb:225:in `call'
puma (3.11.3) lib/puma/server.rb:624:in `handle_request'
puma (3.11.3) lib/puma/server.rb:438:in `process_client'
puma (3.11.3) lib/puma/server.rb:302:in `block in run'
puma (3.11.3) lib/puma/thread_pool.rb:120:in `block in spawn_thread'
Started GET "/" for 127.0.0.1 at 2018-04-10 19:07:26 +0300
Processing by ArticlesController#index as HTML
  Rendering articles/index.html.erb within layouts/application
  [1m[36mArticle Load (0.5ms)[0m  [1m[34mSELECT "articles".* FROM "articles"[0m
  Rendered articles/index.html.erb within layouts/application (17.5ms)
Completed 200 OK in 178ms (Views: 135.2ms | ActiveRecord: 5.5ms)


Started GET "/articles/2" for 127.0.0.1 at 2018-04-10 19:07:29 +0300
Processing by ArticlesController#show as HTML
  Parameters: {"id"=>"2"}
  [1m[36mArticle Load (0.5ms)[0m  [1m[34mSELECT  "articles".* FROM "articles" WHERE "articles"."id" = $1 LIMIT $2[0m  [["id", 2], ["LIMIT", 1]]
  Rendering articles/show.html.erb within layouts/application
  [1m[36mComment Load (1.0ms)[0m  [1m[34mSELECT "comments".* FROM "comments" WHERE "comments"."article_id" = $1[0m  [["article_id", 2]]
  Rendered articles/show.html.erb within layouts/application (34.5ms)
Completed 200 OK in 177ms (Views: 135.2ms | ActiveRecord: 14.5ms)


Started DELETE "/articles/2/comments/1" for 127.0.0.1 at 2018-04-10 19:07:36 +0300
Processing by CommentsController#destroy as HTML
  Parameters: {"authenticity_token"=>"3AuHoNPIXf/v+fMQsNsn8S5/aM/sG13Ifq028U2bOIxvL4LART3gixh5y5P5Ccsl1Bv+nNIRbWhZG3syRUpivg==", "article_id"=>"2", "id"=>"1"}
  [1m[36mArticle Load (0.5ms)[0m  [1m[34mSELECT  "articles".* FROM "articles" WHERE "articles"."id" = $1 LIMIT $2[0m  [["id", 2], ["LIMIT", 1]]
Completed 500 Internal Server Error in 98ms (ActiveRecord: 0.5ms)


  
NoMethodError (undefined method `    ' for #<CommentsController:0x000000000e3e2958>):
  
app/controllers/comments_controller.rb:8:in `destroy'
Started GET "/" for 127.0.0.1 at 2018-04-10 19:09:05 +0300
Processing by ArticlesController#index as HTML
  Rendering articles/index.html.erb within layouts/application
  [1m[36mArticle Load (0.5ms)[0m  [1m[34mSELECT "articles".* FROM "articles"[0m
  Rendered articles/index.html.erb within layouts/application (12.0ms)
Completed 200 OK in 165ms (Views: 136.0ms | ActiveRecord: 0.5ms)


Started GET "/articles/2" for 127.0.0.1 at 2018-04-10 19:09:10 +0300
Processing by ArticlesController#show as HTML
  Parameters: {"id"=>"2"}
  [1m[36mArticle Load (0.5ms)[0m  [1m[34mSELECT  "articles".* FROM "articles" WHERE "articles"."id" = $1 LIMIT $2[0m  [["id", 2], ["LIMIT", 1]]
  Rendering articles/show.html.erb within layouts/application
  [1m[36mComment Load (0.5ms)[0m  [1m[34mSELECT "comments".* FROM "comments" WHERE "comments"."article_id" = $1[0m  [["article_id", 2]]
  Rendered articles/show.html.erb within layouts/application (31.0ms)
Completed 200 OK in 174ms (Views: 138.8ms | ActiveRecord: 8.0ms)


Started DELETE "/articles/2/comments/1" for 127.0.0.1 at 2018-04-10 19:09:18 +0300
Processing by CommentsController#destroy as HTML
  Parameters: {"authenticity_token"=>"pEhflthySWjDuVdxE5FU5sGmg+9GgDL0RGfo4rJh5noXbFr2Tof0HDQ5b/JaQ7gyO8IVvHiKAlRj0aUhurC8SA==", "article_id"=>"2", "id"=>"1"}
  [1m[36mArticle Load (0.5ms)[0m  [1m[34mSELECT  "articles".* FROM "articles" WHERE "articles"."id" = $1 LIMIT $2[0m  [["id", 2], ["LIMIT", 1]]
  [1m[36mComment Load (0.5ms)[0m  [1m[34mSELECT  "comments".* FROM "comments" WHERE "comments"."article_id" = $1 AND "comments"."id" = $2 LIMIT $3[0m  [["article_id", 2], ["id", 1], ["LIMIT", 1]]
  [1m[35m (0.0ms)[0m  [1m[35mBEGIN[0m
  [1m[35mSQL (0.5ms)[0m  [1m[31mDELETE FROM "comments" WHERE "comments"."id" = $1[0m  [["id", 1]]
  [1m[35m (1.5ms)[0m  [1m[35mCOMMIT[0m
Redirected to http://localhost:3000/articles/2
Completed 302 Found in 23ms (ActiveRecord: 3.0ms)


Started GET "/articles/2" for 127.0.0.1 at 2018-04-10 19:09:18 +0300
Processing by ArticlesController#show as HTML
  Parameters: {"id"=>"2"}
  [1m[36mArticle Load (0.5ms)[0m  [1m[34mSELECT  "articles".* FROM "articles" WHERE "articles"."id" = $1 LIMIT $2[0m  [["id", 2], ["LIMIT", 1]]
  Rendering articles/show.html.erb within layouts/application
  [1m[36mComment Load (1.0ms)[0m  [1m[34mSELECT "comments".* FROM "comments" WHERE "comments"."article_id" = $1[0m  [["article_id", 2]]
  Rendered articles/show.html.erb within layouts/application (9.0ms)
Completed 200 OK in 176ms (Views: 150.6ms | ActiveRecord: 1.5ms)


Started POST "/articles/2/comments" for 127.0.0.1 at 2018-04-10 19:10:49 +0300
Processing by CommentsController#create as HTML
  Parameters: {"utf8"=>"✓", "authenticity_token"=>"oGq5TZuTzIm3d6ZMXenccAmLKlkmyjGe12G7Vf3O6mkTTrwtDWZx/UD3ns8UOzCk8++8ChjAAT7w1/aW9R+wWw==", "comment"=>{"commenter"=>"Alex", "body"=>"hello"}, "commit"=>"Create Comment", "article_id"=>"2"}
  [1m[36mArticle Load (1.0ms)[0m  [1m[34mSELECT  "articles".* FROM "articles" WHERE "articles"."id" = $1 LIMIT $2[0m  [["id", 2], ["LIMIT", 1]]
  [1m[35m (0.5ms)[0m  [1m[35mBEGIN[0m
  [1m[35mSQL (1.0ms)[0m  [1m[32mINSERT INTO "comments" ("commenter", "body", "article_id", "created_at", "updated_at") VALUES ($1, $2, $3, $4, $5) RETURNING "id"[0m  [["commenter", "Alex"], ["body", "hello"], ["article_id", 2], ["created_at", "2018-04-10 16:10:49.671393"], ["updated_at", "2018-04-10 16:10:49.671393"]]
  [1m[35m (0.0ms)[0m  [1m[35mCOMMIT[0m
Redirected to http://localhost:3000/articles/2
Completed 302 Found in 61ms (ActiveRecord: 12.0ms)


Started GET "/articles/2" for 127.0.0.1 at 2018-04-10 19:10:49 +0300
Processing by ArticlesController#show as HTML
  Parameters: {"id"=>"2"}
  [1m[36mArticle Load (1.0ms)[0m  [1m[34mSELECT  "articles".* FROM "articles" WHERE "articles"."id" = $1 LIMIT $2[0m  [["id", 2], ["LIMIT", 1]]
  Rendering articles/show.html.erb within layouts/application
  [1m[36mComment Load (0.0ms)[0m  [1m[34mSELECT "comments".* FROM "comments" WHERE "comments"."article_id" = $1[0m  [["article_id", 2]]
  Rendered articles/show.html.erb within layouts/application (11.0ms)
Completed 200 OK in 182ms (Views: 155.9ms | ActiveRecord: 1.0ms)


Started DELETE "/articles/2/comments/3" for 127.0.0.1 at 2018-04-10 19:11:01 +0300
Processing by CommentsController#destroy as HTML
  Parameters: {"authenticity_token"=>"NOADcFMx9MSBlOKiEdeh6v51H/5HSRhZPtbTL4nTs0CHxAYQxcRJsHYU2iFYBU0+BBGJrXlDKPkZYJ7sgQLpcg==", "article_id"=>"2", "id"=>"3"}
  [1m[36mArticle Load (0.5ms)[0m  [1m[34mSELECT  "articles".* FROM "articles" WHERE "articles"."id" = $1 LIMIT $2[0m  [["id", 2], ["LIMIT", 1]]
  [1m[36mComment Load (0.5ms)[0m  [1m[34mSELECT  "comments".* FROM "comments" WHERE "comments"."article_id" = $1 AND "comments"."id" = $2 LIMIT $3[0m  [["article_id", 2], ["id", 3], ["LIMIT", 1]]
  [1m[35m (0.5ms)[0m  [1m[35mBEGIN[0m
  [1m[35mSQL (1.0ms)[0m  [1m[31mDELETE FROM "comments" WHERE "comments"."id" = $1[0m  [["id", 3]]
  [1m[35m (1.0ms)[0m  [1m[35mCOMMIT[0m
Redirected to http://localhost:3000/articles/2
Completed 302 Found in 21ms (ActiveRecord: 3.5ms)


Started GET "/articles/2" for 127.0.0.1 at 2018-04-10 19:11:01 +0300
Processing by ArticlesController#show as HTML
  Parameters: {"id"=>"2"}
  [1m[36mArticle Load (0.5ms)[0m  [1m[34mSELECT  "articles".* FROM "articles" WHERE "articles"."id" = $1 LIMIT $2[0m  [["id", 2], ["LIMIT", 1]]
  Rendering articles/show.html.erb within layouts/application
  [1m[36mComment Load (1.0ms)[0m  [1m[34mSELECT "comments".* FROM "comments" WHERE "comments"."article_id" = $1[0m  [["article_id", 2]]
  Rendered articles/show.html.erb within layouts/application (7.5ms)
Completed 200 OK in 152ms (Views: 126.2ms | ActiveRecord: 1.5ms)


Started GET "/" for 127.0.0.1 at 2018-06-05 16:10:15 +0300
  [1m[35m (6.0ms)[0m  [1m[34mSELECT "schema_migrations"."version" FROM "schema_migrations" ORDER BY "schema_migrations"."version" ASC[0m
Processing by ArticlesController#index as HTML
  Rendering articles/index.html.erb within layouts/application
  [1m[36mArticle Load (11.0ms)[0m  [1m[34mSELECT "articles".* FROM "articles"[0m
  Rendered articles/index.html.erb within layouts/application (43.0ms)
Completed 200 OK in 620ms (Views: 546.7ms | ActiveRecord: 20.0ms)


Started GET "/" for 127.0.0.1 at 2018-06-05 16:10:36 +0300
Processing by ArticlesController#index as HTML
  Rendering articles/index.html.erb within layouts/application
  [1m[36mArticle Load (1.0ms)[0m  [1m[34mSELECT "articles".* FROM "articles"[0m
  Rendered articles/index.html.erb within layouts/application (55.8ms)
Completed 200 OK in 195ms (Views: 161.9ms | ActiveRecord: 10.0ms)


Started GET "/articles/2" for 127.0.0.1 at 2018-06-05 16:10:55 +0300
Processing by ArticlesController#show as HTML
  Parameters: {"id"=>"2"}
  [1m[36mArticle Load (1.0ms)[0m  [1m[34mSELECT  "articles".* FROM "articles" WHERE "articles"."id" = $1 LIMIT $2[0m  [["id", 2], ["LIMIT", 1]]
  Rendering articles/show.html.erb within layouts/application
  [1m[36mComment Load (8.1ms)[0m  [1m[34mSELECT "comments".* FROM "comments" WHERE "comments"."article_id" = $1[0m  [["article_id", 2]]
  Rendered articles/show.html.erb within layouts/application (132.3ms)
Completed 200 OK in 328ms (Views: 264.6ms | ActiveRecord: 21.1ms)


Started POST "/articles/2/comments" for 127.0.0.1 at 2018-06-05 16:11:18 +0300
Processing by CommentsController#create as HTML
  Parameters: {"utf8"=>"✓", "authenticity_token"=>"4yxhVdbzR7ThUXeCL3dKw9Qp9ePOmqPz4mDeF6/9Cdit4SqbwAFfxqbG9TLuHVK1GBwzCPv375P/eV6TCS29fg==", "comment"=>{"commenter"=>"Alex", "body"=>"Ce faceti ma, iar va jucati?"}, "commit"=>"Create Comment", "article_id"=>"2"}
  [1m[36mArticle Load (1.0ms)[0m  [1m[34mSELECT  "articles".* FROM "articles" WHERE "articles"."id" = $1 LIMIT $2[0m  [["id", 2], ["LIMIT", 1]]
  [1m[35m (0.0ms)[0m  [1m[35mBEGIN[0m
  [1m[35mSQL (18.0ms)[0m  [1m[32mINSERT INTO "comments" ("commenter", "body", "article_id", "created_at", "updated_at") VALUES ($1, $2, $3, $4, $5) RETURNING "id"[0m  [["commenter", "Alex"], ["body", "Ce faceti ma, iar va jucati?"], ["article_id", 2], ["created_at", "2018-06-05 13:11:18.061488"], ["updated_at", "2018-06-05 13:11:18.061488"]]
  [1m[35m (5.0ms)[0m  [1m[35mCOMMIT[0m
Redirected to http://localhost:3000/articles/2
Completed 302 Found in 46ms (ActiveRecord: 25.0ms)


Started GET "/articles/2" for 127.0.0.1 at 2018-06-05 16:11:18 +0300
Processing by ArticlesController#show as HTML
  Parameters: {"id"=>"2"}
  [1m[36mArticle Load (1.0ms)[0m  [1m[34mSELECT  "articles".* FROM "articles" WHERE "articles"."id" = $1 LIMIT $2[0m  [["id", 2], ["LIMIT", 1]]
  Rendering articles/show.html.erb within layouts/application
  [1m[36mComment Load (1.0ms)[0m  [1m[34mSELECT "comments".* FROM "comments" WHERE "comments"."article_id" = $1[0m  [["article_id", 2]]
  Rendered articles/show.html.erb within layouts/application (9.0ms)
Completed 200 OK in 141ms (Views: 113.2ms | ActiveRecord: 2.0ms)


Started DELETE "/articles/2/comments/4" for 127.0.0.1 at 2018-06-05 16:11:27 +0300
Processing by CommentsController#destroy as HTML
  Parameters: {"authenticity_token"=>"tkrULcJVYOV0pewDdcxE/N3QZcazzi7Ho5/5kVdWL7T7ydtZvINZw4O+kMcoHtXAbqoaxGItlrWea0g94RROzg==", "article_id"=>"2", "id"=>"4"}
  [1m[36mArticle Load (1.0ms)[0m  [1m[34mSELECT  "articles".* FROM "articles" WHERE "articles"."id" = $1 LIMIT $2[0m  [["id", 2], ["LIMIT", 1]]
  [1m[36mComment Load (2.0ms)[0m  [1m[34mSELECT  "comments".* FROM "comments" WHERE "comments"."article_id" = $1 AND "comments"."id" = $2 LIMIT $3[0m  [["article_id", 2], ["id", 4], ["LIMIT", 1]]
  [1m[35m (0.0ms)[0m  [1m[35mBEGIN[0m
  [1m[35mSQL (2.0ms)[0m  [1m[31mDELETE FROM "comments" WHERE "comments"."id" = $1[0m  [["id", 4]]
  [1m[35m (1.0ms)[0m  [1m[35mCOMMIT[0m
Redirected to http://localhost:3000/articles/2
Completed 302 Found in 24ms (ActiveRecord: 6.0ms)


Started GET "/articles/2" for 127.0.0.1 at 2018-06-05 16:11:27 +0300
Processing by ArticlesController#show as HTML
  Parameters: {"id"=>"2"}
  [1m[36mArticle Load (0.0ms)[0m  [1m[34mSELECT  "articles".* FROM "articles" WHERE "articles"."id" = $1 LIMIT $2[0m  [["id", 2], ["LIMIT", 1]]
  Rendering articles/show.html.erb within layouts/application
  [1m[36mComment Load (1.0ms)[0m  [1m[34mSELECT "comments".* FROM "comments" WHERE "comments"."article_id" = $1[0m  [["article_id", 2]]
  Rendered articles/show.html.erb within layouts/application (8.0ms)
Completed 200 OK in 150ms (Views: 116.7ms | ActiveRecord: 1.0ms)


Started GET "/articles" for 127.0.0.1 at 2018-06-05 16:11:39 +0300
Processing by ArticlesController#index as HTML
  Rendering articles/index.html.erb within layouts/application
  [1m[36mArticle Load (1.0ms)[0m  [1m[34mSELECT "articles".* FROM "articles"[0m
  Rendered articles/index.html.erb within layouts/application (6.0ms)
Completed 200 OK in 148ms (Views: 112.9ms | ActiveRecord: 1.0ms)


Started GET "/" for 127.0.0.1 at 2018-06-05 17:31:15 +0300
  [1m[35m (7.0ms)[0m  [1m[34mSELECT "schema_migrations"."version" FROM "schema_migrations" ORDER BY "schema_migrations"."version" ASC[0m
Processing by ArticlesController#index as HTML
  Rendering articles/index.html.erb within layouts/application
  [1m[36mArticle Load (11.0ms)[0m  [1m[34mSELECT "articles".* FROM "articles"[0m
  Rendered articles/index.html.erb within layouts/application (37.0ms)
Completed 200 OK in 563ms (Views: 494.2ms | ActiveRecord: 19.0ms)


Started GET "/articles/new" for 127.0.0.1 at 2018-06-05 17:32:42 +0300
Processing by ArticlesController#new as HTML
  Rendering articles/new.html.erb within layouts/application
  Rendered articles/_form.html.erb (45.0ms)
  Rendered articles/new.html.erb within layouts/application (73.0ms)
Completed 200 OK in 308ms (Views: 264.9ms | ActiveRecord: 0.0ms)


Started POST "/articles" for 127.0.0.1 at 2018-06-05 17:32:59 +0300
Processing by ArticlesController#create as HTML
  Parameters: {"utf8"=>"✓", "authenticity_token"=>"Lio0JeoPJrdX1yN2Knq4pEN3FAi2bQh4cQIyYRHUXWElBlklgXdr4dhTai2ZWuVF+K9oufjgDJjUewybpD9Geg==", "article"=>{"title"=>"Second", "text"=>"This is a second article "}, "commit"=>"Save Article"}
  [1m[35m (0.0ms)[0m  [1m[35mBEGIN[0m
  [1m[35mSQL (9.0ms)[0m  [1m[32mINSERT INTO "articles" ("title", "text", "created_at", "updated_at") VALUES ($1, $2, $3, $4) RETURNING "id"[0m  [["title", "Second"], ["text", "This is a second article "], ["created_at", "2018-06-05 14:32:59.622285"], ["updated_at", "2018-06-05 14:32:59.622285"]]
  [1m[35m (1.0ms)[0m  [1m[35mCOMMIT[0m
Redirected to http://localhost:3000/articles/3
Completed 302 Found in 25ms (ActiveRecord: 10.0ms)


Started GET "/articles/3" for 127.0.0.1 at 2018-06-05 17:32:59 +0300
Processing by ArticlesController#show as HTML
  Parameters: {"id"=>"3"}
  [1m[36mArticle Load (0.0ms)[0m  [1m[34mSELECT  "articles".* FROM "articles" WHERE "articles"."id" = $1 LIMIT $2[0m  [["id", 3], ["LIMIT", 1]]
  Rendering articles/show.html.erb within layouts/application
  [1m[36mComment Load (7.0ms)[0m  [1m[34mSELECT "comments".* FROM "comments" WHERE "comments"."article_id" = $1[0m  [["article_id", 3]]
  Rendered articles/show.html.erb within layouts/application (97.9ms)
Completed 200 OK in 239ms (Views: 192.7ms | ActiveRecord: 13.0ms)


Started GET "/articles" for 127.0.0.1 at 2018-06-05 17:33:05 +0300
Processing by ArticlesController#index as HTML
  Rendering articles/index.html.erb within layouts/application
  [1m[36mArticle Load (1.0ms)[0m  [1m[34mSELECT "articles".* FROM "articles"[0m
  Rendered articles/index.html.erb within layouts/application (5.0ms)
Completed 200 OK in 142ms (Views: 108.1ms | ActiveRecord: 1.0ms)


Started GET "/articles" for 127.0.0.1 at 2018-06-05 18:00:07 +0300
Processing by ArticlesController#index as HTML
  Rendering articles/index.html.erb within layouts/application
  [1m[36mArticle Load (0.0ms)[0m  [1m[34mSELECT "articles".* FROM "articles"[0m
  Rendered articles/index.html.erb within layouts/application (0.0ms)
Completed 200 OK in 181ms (Views: 151.8ms | ActiveRecord: 0.0ms)


Started GET "/articles/2" for 127.0.0.1 at 2018-06-05 18:00:09 +0300
Processing by ArticlesController#show as HTML
  Parameters: {"id"=>"2"}
  [1m[36mArticle Load (0.0ms)[0m  [1m[34mSELECT  "articles".* FROM "articles" WHERE "articles"."id" = $1 LIMIT $2[0m  [["id", 2], ["LIMIT", 1]]
  Rendering articles/show.html.erb within layouts/application
  [1m[36mComment Load (0.0ms)[0m  [1m[34mSELECT "comments".* FROM "comments" WHERE "comments"."article_id" = $1[0m  [["article_id", 2]]
  Rendered articles/show.html.erb within layouts/application (15.6ms)
Completed 200 OK in 220ms (Views: 183.5ms | ActiveRecord: 0.0ms)


Started GET "/" for 127.0.0.1 at 2018-06-07 23:06:02 +0300
  [1m[35m (2.0ms)[0m  [1m[34mSELECT "schema_migrations"."version" FROM "schema_migrations" ORDER BY "schema_migrations"."version" ASC[0m
Processing by ArticlesController#index as HTML
  Rendering articles/index.html.erb within layouts/application
  [1m[36mArticle Load (5.0ms)[0m  [1m[34mSELECT "articles".* FROM "articles" ORDER BY created_at DESC[0m
  Rendered articles/index.html.erb within layouts/application (30.0ms)
Completed 500 Internal Server Error in 781ms (ActiveRecord: 14.0ms)


  
ActionView::Template::Error (undefined local variable or method `recipes_path' for #<#<Class:0x0000000005235348>:0x00000000051fa388>):
     9:   </head>
    10: 
    11:   <body>
    12:   <%= form_tag(recipes_path, :method => "get", id: "search-form") do %>
    13:     <%= text_field_tag :search, params[:search], placeholder: "Search Recipes" %>
    14:     <%= submit_tag "Search", :name => nil %>
    15: <% end %>
  
app/views/layouts/application.html.erb:12:in `_app_views_layouts_application_html_erb___1483831770_42883660'
Started GET "/" for 127.0.0.1 at 2018-06-07 23:06:57 +0300
Processing by ArticlesController#index as HTML
  Rendering articles/index.html.erb within layouts/application
  [1m[36mArticle Load (2.0ms)[0m  [1m[34mSELECT "articles".* FROM "articles" ORDER BY created_at DESC[0m
  Rendered articles/index.html.erb within layouts/application (72.0ms)
Completed 500 Internal Server Error in 536ms (ActiveRecord: 14.0ms)


  
ActionView::Template::Error (undefined local variable or method `recipes_path' for #<#<Class:0x0000000005235348>:0x00000000069951f0>):
     9:   </head>
    10: 
    11:   <body>
    12:   <%= form_tag(recipes_path, :method => "get", id: "search-form") do %>
    13:     <%= text_field_tag :search, params[:search], placeholder: "Search Recipes" %>
    14:     <%= submit_tag "Search", :name => nil %>
    15: <% end %>
  
app/views/layouts/application.html.erb:12:in `_app_views_layouts_application_html_erb___1483831770_55636860'
Started GET "/" for 127.0.0.1 at 2018-06-07 23:09:28 +0300
Processing by ArticlesController#index as HTML
Started GET "/" for 127.0.0.1 at 2018-06-07 23:09:38 +0300
  Rendering articles/index.html.erb within layouts/application
  [1m[36mArticle Load (0.0ms)[0m  [1m[34mSELECT "articles".* FROM "articles" ORDER BY created_at DESC[0m
  Rendered articles/index.html.erb within layouts/application (16.0ms)
Completed 500 Internal Server Error in 194ms (ActiveRecord: 0.0ms)


  
ActionView::Template::Error (No route matches {:action=>"show", :controller=>"articles"}, missing required keys: [:id]):
     9:   </head>
    10: 
    11:   <body>
    12:   <%= form_tag(article_path, :method => "get", id: "search-form") do %>
    13:     <%= text_field_tag :search, params[:search], placeholder: "Search Recipes" %>
    14:     <%= submit_tag "Search", :name => nil %>
    15: <% end %>
  
app/views/layouts/application.html.erb:12:in `_app_views_layouts_application_html_erb___1483831770_100117700'
Processing by ArticlesController#index as HTML
  Rendering articles/index.html.erb within layouts/application
  [1m[36mArticle Load (1.0ms)[0m  [1m[34mSELECT "articles".* FROM "articles" ORDER BY created_at DESC[0m
  Rendered articles/index.html.erb within layouts/application (18.0ms)
Completed 500 Internal Server Error in 204ms (ActiveRecord: 1.0ms)


  
ActionView::Template::Error (No route matches {:action=>"show", :controller=>"articles"}, missing required keys: [:id]):
     9:   </head>
    10: 
    11:   <body>
    12:   <%= form_tag(article_path, :method => "get", id: "search-form") do %>
    13:     <%= text_field_tag :search, params[:search], placeholder: "Search Recipes" %>
    14:     <%= submit_tag "Search", :name => nil %>
    15: <% end %>
  
app/views/layouts/application.html.erb:12:in `_app_views_layouts_application_html_erb___1483831770_100117700'
Started GET "/" for 127.0.0.1 at 2018-06-07 23:13:28 +0300
Processing by ArticlesController#index as HTML
  Rendering articles/index.html.erb within layouts/application
  [1m[36mArticle Load (0.0ms)[0m  [1m[34mSELECT "articles".* FROM "articles" ORDER BY created_at DESC[0m
  Rendered articles/index.html.erb within layouts/application (16.0ms)
Completed 500 Internal Server Error in 232ms (ActiveRecord: 0.0ms)


  
ActionView::Template::Error (No route matches {:action=>"show", :controller=>"articles"}, missing required keys: [:id]):
     9:   </head>
    10: 
    11:   <body>
    12:   <%= form_tag(article_path, :method => "get", id: "search-form") do %>
    13:     <%= text_field_tag :search, params[:search], placeholder: "Search Recipes" %>
    14:     <%= submit_tag "Search", :name => nil %>
    15: <% end %>
  
app/views/layouts/application.html.erb:12:in `_app_views_layouts_application_html_erb___1483831770_120289740'
Started GET "/" for 127.0.0.1 at 2018-06-07 23:16:59 +0300
Processing by ArticlesController#index as HTML
  Rendering articles/index.html.erb within layouts/application
  [1m[36mArticle Load (1.0ms)[0m  [1m[34mSELECT "articles".* FROM "articles" ORDER BY created_at DESC[0m
  Rendered articles/index.html.erb within layouts/application (13.0ms)
Completed 500 Internal Server Error in 232ms (ActiveRecord: 1.0ms)


  
ActionView::Template::Error (No route matches {:action=>"show", :controller=>"articles"}, missing required keys: [:id]):
     9:   </head>
    10: 
    11:   <body>
    12:   <%= form_tag(article_path, :method => "get", id: "search-form") do %>
    13:     <%= text_field_tag :search, params[:search], placeholder: "Search Recipes" %>
    14:     <%= submit_tag "Search", :name => nil %>
    15: <% end %>
  
app/views/layouts/application.html.erb:12:in `_app_views_layouts_application_html_erb___1483831770_90138020'
Started GET "/" for 127.0.0.1 at 2018-06-07 23:17:09 +0300
Processing by ArticlesController#index as HTML
  Rendering articles/index.html.erb within layouts/application
  [1m[36mArticle Load (1.0ms)[0m  [1m[34mSELECT "articles".* FROM "articles" ORDER BY created_at DESC[0m
  Rendered articles/index.html.erb within layouts/application (8.0ms)
Completed 500 Internal Server Error in 210ms (ActiveRecord: 1.0ms)


  
ActionView::Template::Error (No route matches {:action=>"show", :controller=>"articles"}, missing required keys: [:id]):
     9:   </head>
    10: 
    11:   <body>
    12:   <%= form_tag(article_path, :method => "get", id: "search-form") do %>
    13:     <%= text_field_tag :search, params[:search], placeholder: "Search Recipes" %>
    14:     <%= submit_tag "Search", :name => nil %>
    15: <% end %>
  
app/views/layouts/application.html.erb:12:in `_app_views_layouts_application_html_erb___1483831770_95399980'
Started GET "/" for 127.0.0.1 at 2018-06-07 23:19:25 +0300
Processing by ArticlesController#index as HTML
  Rendering articles/index.html.erb within layouts/application
  [1m[36mArticle Load (1.0ms)[0m  [1m[34mSELECT "articles".* FROM "articles" ORDER BY created_at DESC[0m
  Rendered articles/index.html.erb within layouts/application (39.0ms)
Completed 500 Internal Server Error in 146ms (ActiveRecord: 1.0ms)


  
ActionView::Template::Error (No route matches {:action=>"show", :controller=>"articles"}, missing required keys: [:id]):
    24: 
    25: 
    26: <%= link_to 'New Article', new_article_path %>
    27:   <%= form_tag(article_path, :method => "get", id: "search-form") do %>
    28:     <%= text_field_tag :search, params[:search], placeholder: "Search Recipes" %>
    29:     <%= submit_tag "Search", :name => nil %>
    30: <% end %>
  
app/views/articles/index.html.erb:27:in `_app_views_articles_index_html_erb___951753332_108203000'
Started GET "/" for 127.0.0.1 at 2018-06-07 23:23:31 +0300
Processing by ArticlesController#index as HTML
  Rendering articles/index.html.erb within layouts/application
  [1m[36mArticle Load (0.0ms)[0m  [1m[34mSELECT "articles".* FROM "articles" ORDER BY created_at DESC[0m
  Rendered articles/index.html.erb within layouts/application (9.0ms)
Completed 200 OK in 183ms (Views: 157.7ms | ActiveRecord: 0.0ms)


Started GET "/?utf8=%E2%9C%93&search=first" for 127.0.0.1 at 2018-06-07 23:24:08 +0300
Processing by ArticlesController#index as HTML
  Parameters: {"utf8"=>"✓", "search"=>"first"}
Completed 500 Internal Server Error in 2ms (ActiveRecord: 0.0ms)


  
ActiveRecord::PreparedStatementInvalid (wrong number of bind variables (3 for 2) in: title LIKE ? OR body LIKE ?):
  
app/models/article.rb:7:in `search'
app/controllers/articles_controller.rb:9:in `index'
Started GET "/?utf8=%E2%9C%93&search=first" for 127.0.0.1 at 2018-06-07 23:25:32 +0300
Processing by ArticlesController#index as HTML
  Parameters: {"utf8"=>"✓", "search"=>"first"}
  Rendering articles/index.html.erb within layouts/application
  [1m[36mArticle Load (10.0ms)[0m  [1m[34mSELECT "articles".* FROM "articles" WHERE (title LIKE '%first%' OR body LIKE '%first%') ORDER BY created_at DESC[0m
  Rendered articles/index.html.erb within layouts/application (40.0ms)
Completed 500 Internal Server Error in 167ms (ActiveRecord: 10.0ms)


  
ActionView::Template::Error (PG::UndefinedColumn: ERROR:  column "body" does not exist
LINE 1: ....* FROM "articles" WHERE (title LIKE '%first%' OR body LIKE ...
                                                             ^
: SELECT "articles".* FROM "articles" WHERE (title LIKE '%first%' OR body LIKE '%first%') ORDER BY created_at DESC):
    1: <div class="container">
    2:   <div class="col-sm-10 col-sm-offset-1 col-xs-12 blog-content">
    3:     <% @articles.each do |article| %>
    4:     <div class="col-xs-12">
    5:       <div class="text-center">
    6:         <h2><%=  link_to  article.title, article_path(article) %></h2>
  
app/views/articles/index.html.erb:3:in `_app_views_articles_index_html_erb___951753332_97898160'
Started GET "/?utf8=%E2%9C%93&search=first" for 127.0.0.1 at 2018-06-07 23:25:37 +0300
Processing by ArticlesController#index as HTML
  Parameters: {"utf8"=>"✓", "search"=>"first"}
  Rendering articles/index.html.erb within layouts/application
  [1m[36mArticle Load (3.0ms)[0m  [1m[34mSELECT "articles".* FROM "articles" WHERE (title LIKE '%first%' OR body LIKE '%first%') ORDER BY created_at DESC[0m
  Rendered articles/index.html.erb within layouts/application (27.0ms)
Completed 500 Internal Server Error in 125ms (ActiveRecord: 3.0ms)


  
ActionView::Template::Error (PG::UndefinedColumn: ERROR:  column "body" does not exist
LINE 1: ....* FROM "articles" WHERE (title LIKE '%first%' OR body LIKE ...
                                                             ^
: SELECT "articles".* FROM "articles" WHERE (title LIKE '%first%' OR body LIKE '%first%') ORDER BY created_at DESC):
    1: <div class="container">
    2:   <div class="col-sm-10 col-sm-offset-1 col-xs-12 blog-content">
    3:     <% @articles.each do |article| %>
    4:     <div class="col-xs-12">
    5:       <div class="text-center">
    6:         <h2><%=  link_to  article.title, article_path(article) %></h2>
  
app/views/articles/index.html.erb:3:in `_app_views_articles_index_html_erb___951753332_106570060'
Started GET "/" for 127.0.0.1 at 2018-06-07 23:26:13 +0300
Processing by ArticlesController#index as HTML
  Rendering articles/index.html.erb within layouts/application
  [1m[36mArticle Load (1.0ms)[0m  [1m[34mSELECT "articles".* FROM "articles" ORDER BY created_at DESC[0m
  Rendered articles/index.html.erb within layouts/application (21.0ms)
Completed 200 OK in 191ms (Views: 159.5ms | ActiveRecord: 8.0ms)


Started GET "/?utf8=%E2%9C%93&search=first" for 127.0.0.1 at 2018-06-07 23:26:19 +0300
Processing by ArticlesController#index as HTML
  Parameters: {"utf8"=>"✓", "search"=>"first"}
  Rendering articles/index.html.erb within layouts/application
  [1m[36mArticle Load (2.0ms)[0m  [1m[34mSELECT "articles".* FROM "articles" WHERE (title LIKE '%first%' OR body LIKE '%first%') ORDER BY created_at DESC[0m
  Rendered articles/index.html.erb within layouts/application (28.0ms)
Completed 500 Internal Server Error in 126ms (ActiveRecord: 2.0ms)


  
ActionView::Template::Error (PG::UndefinedColumn: ERROR:  column "body" does not exist
LINE 1: ....* FROM "articles" WHERE (title LIKE '%first%' OR body LIKE ...
                                                             ^
: SELECT "articles".* FROM "articles" WHERE (title LIKE '%first%' OR body LIKE '%first%') ORDER BY created_at DESC):
    1: <div class="container">
    2:   <div class="col-sm-10 col-sm-offset-1 col-xs-12 blog-content">
    3:     <% @articles.each do |article| %>
    4:     <div class="col-xs-12">
    5:       <div class="text-center">
    6:         <h2><%=  link_to  article.title, article_path(article) %></h2>
  
app/views/articles/index.html.erb:3:in `_app_views_articles_index_html_erb___951753332_102540880'
Started GET "/?utf8=%E2%9C%93&search=first" for 127.0.0.1 at 2018-06-07 23:28:21 +0300
Processing by ArticlesController#index as HTML
  Parameters: {"utf8"=>"✓", "search"=>"first"}
  Rendering articles/index.html.erb within layouts/application
  [1m[36mArticle Load (2.0ms)[0m  [1m[34mSELECT "articles".* FROM "articles" WHERE (title LIKE '%first%' OR text LIKE '%first%') ORDER BY created_at DESC[0m
  Rendered articles/index.html.erb within layouts/application (24.0ms)
Completed 200 OK in 211ms (Views: 166.4ms | ActiveRecord: 9.0ms)


Started GET "/?utf8=%E2%9C%93&search=" for 127.0.0.1 at 2018-06-07 23:28:35 +0300
Processing by ArticlesController#index as HTML
  Parameters: {"utf8"=>"✓", "search"=>""}
  Rendering articles/index.html.erb within layouts/application
  [1m[36mArticle Load (1.0ms)[0m  [1m[34mSELECT "articles".* FROM "articles" WHERE (title LIKE '%%' OR text LIKE '%%') ORDER BY created_at DESC[0m
  Rendered articles/index.html.erb within layouts/application (6.0ms)
Completed 200 OK in 150ms (Views: 123.0ms | ActiveRecord: 1.0ms)


Started GET "/articles/new" for 127.0.0.1 at 2018-06-07 23:28:48 +0300
Processing by ArticlesController#new as HTML
  Rendering articles/new.html.erb within layouts/application
  Rendered articles/_form.html.erb (44.0ms)
  Rendered articles/new.html.erb within layouts/application (72.0ms)
Completed 200 OK in 285ms (Views: 244.8ms | ActiveRecord: 0.0ms)


Started POST "/articles" for 127.0.0.1 at 2018-06-07 23:29:10 +0300
Processing by ArticlesController#create as HTML
  Parameters: {"utf8"=>"✓", "authenticity_token"=>"yOHpSCm9+Ee5GwrkQkB7nsvQt8Y2Yrd4pEFux6J5u0+Gv6A7rSu4oA270goXHSyK+7vN/m+vKRVhg3jhyKRwCg==", "article"=>{"title"=>"hi guis, ", "text"=>"This article is for second"}, "commit"=>"Save Article"}
  [1m[35m (0.0ms)[0m  [1m[35mBEGIN[0m
  [1m[35mSQL (3.2ms)[0m  [1m[32mINSERT INTO "articles" ("title", "text", "created_at", "updated_at") VALUES ($1, $2, $3, $4) RETURNING "id"[0m  [["title", "hi guis, "], ["text", "This article is for second"], ["created_at", "2018-06-07 20:29:11.028769"], ["updated_at", "2018-06-07 20:29:11.028769"]]
  [1m[35m (1.0ms)[0m  [1m[35mCOMMIT[0m
Redirected to http://localhost:3000/articles/4
Completed 302 Found in 19ms (ActiveRecord: 4.2ms)


Started GET "/articles/4" for 127.0.0.1 at 2018-06-07 23:29:11 +0300
Processing by ArticlesController#show as HTML
  Parameters: {"id"=>"4"}
  [1m[36mArticle Load (0.0ms)[0m  [1m[34mSELECT  "articles".* FROM "articles" WHERE "articles"."id" = $1 LIMIT $2[0m  [["id", 4], ["LIMIT", 1]]
  Rendering articles/show.html.erb within layouts/application
  [1m[36mComment Load (2.0ms)[0m  [1m[34mSELECT "comments".* FROM "comments" WHERE "comments"."article_id" = $1[0m  [["article_id", 4]]
  Rendered articles/show.html.erb within layouts/application (90.9ms)
Completed 200 OK in 239ms (Views: 186.6ms | ActiveRecord: 16.0ms)


Started GET "/articles" for 127.0.0.1 at 2018-06-07 23:29:13 +0300
Processing by ArticlesController#index as HTML
  Rendering articles/index.html.erb within layouts/application
  [1m[36mArticle Load (1.0ms)[0m  [1m[34mSELECT "articles".* FROM "articles" ORDER BY created_at DESC[0m
  Rendered articles/index.html.erb within layouts/application (7.0ms)
Completed 200 OK in 138ms (Views: 112.1ms | ActiveRecord: 1.0ms)


Started GET "/?utf8=%E2%9C%93&search=second" for 127.0.0.1 at 2018-06-07 23:29:21 +0300
Processing by ArticlesController#index as HTML
  Parameters: {"utf8"=>"✓", "search"=>"second"}
  Rendering articles/index.html.erb within layouts/application
  [1m[36mArticle Load (1.0ms)[0m  [1m[34mSELECT "articles".* FROM "articles" WHERE (title LIKE '%second%' OR text LIKE '%second%') ORDER BY created_at DESC[0m
  Rendered articles/index.html.erb within layouts/application (6.0ms)
Completed 200 OK in 149ms (Views: 123.1ms | ActiveRecord: 1.0ms)


Started GET "/?utf8=%E2%9C%93&search=second" for 127.0.0.1 at 2018-06-07 23:30:44 +0300
Processing by ArticlesController#index as HTML
  Parameters: {"utf8"=>"✓", "search"=>"second"}
  Rendering articles/index.html.erb within layouts/application
  [1m[36mArticle Load (1.0ms)[0m  [1m[34mSELECT "articles".* FROM "articles" WHERE (title LIKE '%second%' OR text LIKE '%second%') ORDER BY created_at DESC[0m
  Rendered articles/index.html.erb within layouts/application (6.0ms)
Completed 200 OK in 150ms (Views: 122.7ms | ActiveRecord: 1.0ms)


Started GET "/?utf8=%E2%9C%93&search=second" for 127.0.0.1 at 2018-06-07 23:30:53 +0300
Processing by ArticlesController#index as HTML
  Parameters: {"utf8"=>"✓", "search"=>"second"}
  Rendering articles/index.html.erb within layouts/application
  [1m[36mArticle Load (4.0ms)[0m  [1m[34mSELECT "articles".* FROM "articles" WHERE (title LIKE '%second%' OR text LIKE '%second%') ORDER BY created_at DESC[0m
  Rendered articles/index.html.erb within layouts/application (15.0ms)
Completed 200 OK in 182ms (Views: 150.4ms | ActiveRecord: 4.0ms)


Started GET "/?utf8=%E2%9C%93&search=" for 127.0.0.1 at 2018-06-07 23:30:58 +0300
Processing by ArticlesController#index as HTML
  Parameters: {"utf8"=>"✓", "search"=>""}
  Rendering articles/index.html.erb within layouts/application
  [1m[36mArticle Load (1.0ms)[0m  [1m[34mSELECT "articles".* FROM "articles" WHERE (title LIKE '%%' OR text LIKE '%%') ORDER BY created_at DESC[0m
  Rendered articles/index.html.erb within layouts/application (6.0ms)
Completed 200 OK in 150ms (Views: 121.1ms | ActiveRecord: 1.0ms)


Started GET "/?utf8=%E2%9C%93&search=" for 127.0.0.1 at 2018-06-07 23:31:42 +0300
Processing by ArticlesController#index as HTML
  Parameters: {"utf8"=>"✓", "search"=>""}
  Rendering articles/index.html.erb within layouts/application
  [1m[36mArticle Load (1.0ms)[0m  [1m[34mSELECT "articles".* FROM "articles" WHERE (title LIKE '%%' OR text LIKE '%%') ORDER BY created_at DESC[0m
  Rendered articles/index.html.erb within layouts/application (8.0ms)
Completed 200 OK in 170ms (Views: 140.7ms | ActiveRecord: 1.0ms)


Started GET "/?utf8=%E2%9C%93&search=" for 127.0.0.1 at 2018-06-07 23:32:47 +0300
Processing by ArticlesController#index as HTML
  Parameters: {"utf8"=>"✓", "search"=>""}
  Rendering articles/index.html.erb within layouts/application
  [1m[36mArticle Load (0.0ms)[0m  [1m[34mSELECT "articles".* FROM "articles" WHERE (title LIKE '%%' OR text LIKE '%%') ORDER BY created_at DESC[0m
  Rendered articles/index.html.erb within layouts/application (9.0ms)
Completed 200 OK in 168ms (Views: 143.0ms | ActiveRecord: 0.0ms)


Started GET "/?utf8=%E2%9C%93&search=dsrrrtgf" for 127.0.0.1 at 2018-06-07 23:32:57 +0300
Processing by ArticlesController#index as HTML
  Parameters: {"utf8"=>"✓", "search"=>"dsrrrtgf"}
  Rendering articles/index.html.erb within layouts/application
  [1m[36mArticle Load (1.0ms)[0m  [1m[34mSELECT "articles".* FROM "articles" WHERE (title LIKE '%dsrrrtgf%' OR text LIKE '%dsrrrtgf%') ORDER BY created_at DESC[0m
  Rendered articles/index.html.erb within layouts/application (5.0ms)
Completed 200 OK in 170ms (Views: 135.7ms | ActiveRecord: 1.0ms)


Started GET "/?utf8=%E2%9C%93&search=dsrrrtgf" for 127.0.0.1 at 2018-06-07 23:34:12 +0300
Processing by ArticlesController#index as HTML
  Parameters: {"utf8"=>"✓", "search"=>"dsrrrtgf"}
  Rendering articles/index.html.erb within layouts/application
  [1m[36mArticle Load (1.0ms)[0m  [1m[34mSELECT "articles".* FROM "articles" WHERE (title LIKE '%dsrrrtgf%' OR text LIKE '%dsrrrtgf%') ORDER BY created_at DESC[0m
  Rendered articles/index.html.erb within layouts/application (7.0ms)
Completed 200 OK in 182ms (Views: 153.2ms | ActiveRecord: 1.0ms)


Started GET "/" for 127.0.0.1 at 2018-06-07 23:34:25 +0300
Processing by ArticlesController#index as HTML
  Rendering articles/index.html.erb within layouts/application
  [1m[36mArticle Load (0.0ms)[0m  [1m[34mSELECT "articles".* FROM "articles" ORDER BY created_at DESC[0m
  Rendered articles/index.html.erb within layouts/application (8.0ms)
Completed 200 OK in 191ms (Views: 161.6ms | ActiveRecord: 0.0ms)


Started GET "/?utf8=%E2%9C%93&search=second" for 127.0.0.1 at 2018-06-07 23:37:15 +0300
Processing by ArticlesController#index as HTML
  Parameters: {"utf8"=>"✓", "search"=>"second"}
  Rendering articles/index.html.erb within layouts/application
  [1m[36mArticle Load (0.0ms)[0m  [1m[34mSELECT "articles".* FROM "articles" WHERE (title LIKE '%second%' OR text LIKE '%second%') ORDER BY created_at DESC[0m
  Rendered articles/index.html.erb within layouts/application (7.0ms)
Completed 200 OK in 147ms (Views: 122.4ms | ActiveRecord: 0.0ms)


Started GET "/articles/3" for 127.0.0.1 at 2018-06-07 23:37:20 +0300
Processing by ArticlesController#show as HTML
  Parameters: {"id"=>"3"}
  [1m[36mArticle Load (1.0ms)[0m  [1m[34mSELECT  "articles".* FROM "articles" WHERE "articles"."id" = $1 LIMIT $2[0m  [["id", 3], ["LIMIT", 1]]
  Rendering articles/show.html.erb within layouts/application
  [1m[36mComment Load (1.0ms)[0m  [1m[34mSELECT "comments".* FROM "comments" WHERE "comments"."article_id" = $1[0m  [["article_id", 3]]
  Rendered articles/show.html.erb within layouts/application (9.0ms)
Completed 200 OK in 210ms (Views: 172.1ms | ActiveRecord: 2.0ms)


Started GET "/articles/3?utf8=%E2%9C%93&search=first" for 127.0.0.1 at 2018-06-07 23:37:33 +0300
Processing by ArticlesController#show as HTML
  Parameters: {"utf8"=>"✓", "search"=>"first", "id"=>"3"}
  [1m[36mArticle Load (1.0ms)[0m  [1m[34mSELECT  "articles".* FROM "articles" WHERE "articles"."id" = $1 LIMIT $2[0m  [["id", 3], ["LIMIT", 1]]
  Rendering articles/show.html.erb within layouts/application
  [1m[36mComment Load (2.0ms)[0m  [1m[34mSELECT "comments".* FROM "comments" WHERE "comments"."article_id" = $1[0m  [["article_id", 3]]
  Rendered articles/show.html.erb within layouts/application (8.0ms)
Completed 200 OK in 152ms (Views: 123.2ms | ActiveRecord: 3.0ms)


Started GET "/articles/3?utf8=%E2%9C%93&search=first" for 127.0.0.1 at 2018-06-07 23:38:46 +0300
Processing by ArticlesController#show as HTML
  Parameters: {"utf8"=>"✓", "search"=>"first", "id"=>"3"}
  [1m[36mArticle Load (0.0ms)[0m  [1m[34mSELECT  "articles".* FROM "articles" WHERE "articles"."id" = $1 LIMIT $2[0m  [["id", 3], ["LIMIT", 1]]
  Rendering articles/show.html.erb within layouts/application
  [1m[36mComment Load (1.0ms)[0m  [1m[34mSELECT "comments".* FROM "comments" WHERE "comments"."article_id" = $1[0m  [["article_id", 3]]
  Rendered articles/show.html.erb within layouts/application (7.0ms)
Completed 200 OK in 154ms (Views: 123.6ms | ActiveRecord: 1.0ms)


Started GET "/" for 127.0.0.1 at 2018-06-07 23:45:04 +0300
Processing by ArticlesController#index as HTML
  Rendering articles/index.html.erb within layouts/application
  [1m[36mArticle Load (0.0ms)[0m  [1m[34mSELECT "articles".* FROM "articles" ORDER BY created_at DESC[0m
  Rendered articles/index.html.erb within layouts/application (9.0ms)
Completed 500 Internal Server Error in 222ms (ActiveRecord: 0.0ms)


  
ActionView::Template::Error (undefined method `to_model' for #<Article::ActiveRecord_Relation:0x000000000a6d7dd8>
Did you mean?  to_xml):
     9:   </head>
    10: 
    11:   <body>
    12:     <%= form_tag(@articles, :method => "get", id: "search-form") do %>
    13:     <%= text_field_tag :search, params[:search], placeholder: "Search Recipes" %>
    14:     <%= submit_tag "Search", :name => nil, :id => nil %>
    15: <% end %>
  
app/views/layouts/application.html.erb:12:in `_app_views_layouts_application_html_erb___1483831770_87421100'
Started GET "/" for 127.0.0.1 at 2018-06-07 23:45:47 +0300
Processing by ArticlesController#index as HTML
  Rendering articles/index.html.erb within layouts/application
  [1m[36mArticle Load (1.0ms)[0m  [1m[34mSELECT "articles".* FROM "articles" ORDER BY created_at DESC[0m
  Rendered articles/index.html.erb within layouts/application (10.0ms)
Completed 500 Internal Server Error in 211ms (ActiveRecord: 1.0ms)


  
ActionView::Template::Error (undefined method `to_model' for #<Article::ActiveRecord_Relation:0x000000000b75b8a8>
Did you mean?  to_xml):
     9:   </head>
    10: 
    11:   <body>
    12:     <%= form_tag(@articles, :method => "get", id: "search-form") do %>
    13:     <%= text_field_tag :search, params[:search], placeholder: "Search Recipes" %>
    14:     <%= submit_tag "Search", :name => nil %>
    15: <% end %>
  
app/views/layouts/application.html.erb:12:in `_app_views_layouts_application_html_erb___1483831770_96065660'
Started GET "/" for 127.0.0.1 at 2018-06-07 23:46:41 +0300
Processing by ArticlesController#index as HTML
  Rendering articles/index.html.erb within layouts/application
  [1m[36mArticle Load (0.0ms)[0m  [1m[34mSELECT "articles".* FROM "articles" ORDER BY created_at DESC[0m
  Rendered articles/index.html.erb within layouts/application (8.0ms)
Completed 500 Internal Server Error in 206ms (ActiveRecord: 0.0ms)


  
ActionView::Template::Error (undefined method `to_model' for #<Article::ActiveRecord_Relation:0x000000000c2dcab0>
Did you mean?  to_xml):
     9:   </head>
    10: 
    11:   <body>
    12:     <%= form_tag(@articles, :method => "get", id: "search-form") do %>
    13:     <%= text_field_tag :search, params[:search], placeholder: "Search Recipes" %>
    14:     <%= submit_tag "Search", :name => nil %>
    15: <% end %>
  
app/views/layouts/application.html.erb:12:in `_app_views_layouts_application_html_erb___1483831770_102497340'
Started GET "/" for 127.0.0.1 at 2018-06-07 23:47:25 +0300
Processing by ArticlesController#index as HTML
  Rendering articles/index.html.erb within layouts/application
  [1m[36mArticle Load (1.0ms)[0m  [1m[34mSELECT "articles".* FROM "articles" ORDER BY created_at DESC[0m
  Rendered articles/index.html.erb within layouts/application (7.0ms)
Completed 200 OK in 170ms (Views: 144.4ms | ActiveRecord: 1.0ms)


Started GET "/" for 127.0.0.1 at 2018-06-07 23:47:44 +0300
Processing by ArticlesController#index as HTML
  Rendering articles/index.html.erb within layouts/application
  [1m[36mArticle Load (1.0ms)[0m  [1m[34mSELECT "articles".* FROM "articles" ORDER BY created_at DESC[0m
  Rendered articles/index.html.erb within layouts/application (6.0ms)
Completed 200 OK in 163ms (Views: 135.5ms | ActiveRecord: 1.0ms)


Started GET "/articles/4" for 127.0.0.1 at 2018-06-07 23:47:47 +0300
Processing by ArticlesController#show as HTML
  Parameters: {"id"=>"4"}
  [1m[36mArticle Load (0.0ms)[0m  [1m[34mSELECT  "articles".* FROM "articles" WHERE "articles"."id" = $1 LIMIT $2[0m  [["id", 4], ["LIMIT", 1]]
  Rendering articles/show.html.erb within layouts/application
  [1m[36mComment Load (1.0ms)[0m  [1m[34mSELECT "comments".* FROM "comments" WHERE "comments"."article_id" = $1[0m  [["article_id", 4]]
  Rendered articles/show.html.erb within layouts/application (11.0ms)
Completed 200 OK in 242ms (Views: 204.4ms | ActiveRecord: 1.0ms)


Started GET "/articles/4?utf8=%E2%9C%93&search=second" for 127.0.0.1 at 2018-06-07 23:47:54 +0300
Processing by ArticlesController#show as HTML
  Parameters: {"utf8"=>"✓", "search"=>"second", "id"=>"4"}
  [1m[36mArticle Load (1.0ms)[0m  [1m[34mSELECT  "articles".* FROM "articles" WHERE "articles"."id" = $1 LIMIT $2[0m  [["id", 4], ["LIMIT", 1]]
  Rendering articles/show.html.erb within layouts/application
  [1m[36mComment Load (1.0ms)[0m  [1m[34mSELECT "comments".* FROM "comments" WHERE "comments"."article_id" = $1[0m  [["article_id", 4]]
  Rendered articles/show.html.erb within layouts/application (7.0ms)
Completed 200 OK in 157ms (Views: 126.7ms | ActiveRecord: 2.0ms)


Started GET "/articles/4?utf8=%E2%9C%93&search=second" for 127.0.0.1 at 2018-06-07 23:48:19 +0300
Processing by ArticlesController#show as HTML
  Parameters: {"utf8"=>"✓", "search"=>"second", "id"=>"4"}
  [1m[36mArticle Load (1.0ms)[0m  [1m[34mSELECT  "articles".* FROM "articles" WHERE "articles"."id" = $1 LIMIT $2[0m  [["id", 4], ["LIMIT", 1]]
  Rendering articles/show.html.erb within layouts/application
  [1m[36mComment Load (1.0ms)[0m  [1m[34mSELECT "comments".* FROM "comments" WHERE "comments"."article_id" = $1[0m  [["article_id", 4]]
  Rendered articles/show.html.erb within layouts/application (9.0ms)
Completed 200 OK in 188ms (Views: 160.4ms | ActiveRecord: 2.0ms)


Started GET "/articles/4?utf8=%E2%9C%93&search=second" for 127.0.0.1 at 2018-06-07 23:48:23 +0300
Processing by ArticlesController#show as HTML
  Parameters: {"utf8"=>"✓", "search"=>"second", "id"=>"4"}
  [1m[36mArticle Load (1.0ms)[0m  [1m[34mSELECT  "articles".* FROM "articles" WHERE "articles"."id" = $1 LIMIT $2[0m  [["id", 4], ["LIMIT", 1]]
  Rendering articles/show.html.erb within layouts/application
  [1m[36mComment Load (1.0ms)[0m  [1m[34mSELECT "comments".* FROM "comments" WHERE "comments"."article_id" = $1[0m  [["article_id", 4]]
  Rendered articles/show.html.erb within layouts/application (7.0ms)
Completed 200 OK in 148ms (Views: 118.6ms | ActiveRecord: 2.0ms)


Started GET "/articles/" for 127.0.0.1 at 2018-06-07 23:48:37 +0300
Processing by ArticlesController#index as HTML
  Rendering articles/index.html.erb within layouts/application
  [1m[36mArticle Load (1.0ms)[0m  [1m[34mSELECT "articles".* FROM "articles" ORDER BY created_at DESC[0m
  Rendered articles/index.html.erb within layouts/application (7.0ms)
Completed 200 OK in 166ms (Views: 135.8ms | ActiveRecord: 1.0ms)


Started GET "/articles/2" for 127.0.0.1 at 2018-06-07 23:48:44 +0300
Processing by ArticlesController#show as HTML
  Parameters: {"id"=>"2"}
  [1m[36mArticle Load (1.0ms)[0m  [1m[34mSELECT  "articles".* FROM "articles" WHERE "articles"."id" = $1 LIMIT $2[0m  [["id", 2], ["LIMIT", 1]]
  Rendering articles/show.html.erb within layouts/application
  [1m[36mComment Load (1.0ms)[0m  [1m[34mSELECT "comments".* FROM "comments" WHERE "comments"."article_id" = $1[0m  [["article_id", 2]]
  Rendered articles/show.html.erb within layouts/application (11.0ms)
Completed 200 OK in 243ms (Views: 206.7ms | ActiveRecord: 2.0ms)


Started GET "/articles/2?utf8=%E2%9C%93&search=second" for 127.0.0.1 at 2018-06-07 23:48:53 +0300
Processing by ArticlesController#show as HTML
  Parameters: {"utf8"=>"✓", "search"=>"second", "id"=>"2"}
  [1m[36mArticle Load (0.0ms)[0m  [1m[34mSELECT  "articles".* FROM "articles" WHERE "articles"."id" = $1 LIMIT $2[0m  [["id", 2], ["LIMIT", 1]]
  Rendering articles/show.html.erb within layouts/application
  [1m[36mComment Load (1.0ms)[0m  [1m[34mSELECT "comments".* FROM "comments" WHERE "comments"."article_id" = $1[0m  [["article_id", 2]]
  Rendered articles/show.html.erb within layouts/application (7.0ms)
Completed 200 OK in 159ms (Views: 129.7ms | ActiveRecord: 1.0ms)


Started GET "/" for 127.0.0.1 at 2018-06-07 23:50:58 +0300
Processing by ArticlesController#index as HTML
  Rendering articles/index.html.erb within layouts/application
  [1m[36mArticle Load (1.0ms)[0m  [1m[34mSELECT "articles".* FROM "articles" ORDER BY created_at DESC[0m
  Rendered articles/index.html.erb within layouts/application (9.0ms)
Completed 200 OK in 181ms (Views: 150.1ms | ActiveRecord: 1.0ms)


Started GET "/articles/4" for 127.0.0.1 at 2018-06-07 23:51:00 +0300
Processing by ArticlesController#show as HTML
  Parameters: {"id"=>"4"}
  [1m[36mArticle Load (1.0ms)[0m  [1m[34mSELECT  "articles".* FROM "articles" WHERE "articles"."id" = $1 LIMIT $2[0m  [["id", 4], ["LIMIT", 1]]
  Rendering articles/show.html.erb within layouts/application
  [1m[36mComment Load (1.0ms)[0m  [1m[34mSELECT "comments".* FROM "comments" WHERE "comments"."article_id" = $1[0m  [["article_id", 4]]
  Rendered articles/show.html.erb within layouts/application (11.0ms)
Completed 200 OK in 230ms (Views: 196.3ms | ActiveRecord: 2.0ms)


Started GET "/articles?utf8=%E2%9C%93&search=hello" for 127.0.0.1 at 2018-06-07 23:51:12 +0300
Processing by ArticlesController#index as HTML
  Parameters: {"utf8"=>"✓", "search"=>"hello"}
  Rendering articles/index.html.erb within layouts/application
  [1m[36mArticle Load (1.0ms)[0m  [1m[34mSELECT "articles".* FROM "articles" WHERE (title LIKE '%hello%' OR text LIKE '%hello%') ORDER BY created_at DESC[0m
  Rendered articles/index.html.erb within layouts/application (5.0ms)
Completed 200 OK in 152ms (Views: 120.9ms | ActiveRecord: 1.0ms)


Started GET "/articles?utf8=%E2%9C%93&search=second" for 127.0.0.1 at 2018-06-07 23:51:28 +0300
Processing by ArticlesController#index as HTML
  Parameters: {"utf8"=>"✓", "search"=>"second"}
  Rendering articles/index.html.erb within layouts/application
  [1m[36mArticle Load (1.0ms)[0m  [1m[34mSELECT "articles".* FROM "articles" WHERE (title LIKE '%second%' OR text LIKE '%second%') ORDER BY created_at DESC[0m
  Rendered articles/index.html.erb within layouts/application (7.0ms)
Completed 200 OK in 151ms (Views: 120.4ms | ActiveRecord: 1.0ms)


Started GET "/articles?utf8=%E2%9C%93&search=second" for 127.0.0.1 at 2018-06-07 23:52:43 +0300
Processing by ArticlesController#index as HTML
  Parameters: {"utf8"=>"✓", "search"=>"second"}
  Rendering articles/index.html.erb within layouts/application
  [1m[36mArticle Load (1.0ms)[0m  [1m[34mSELECT "articles".* FROM "articles" WHERE (title LIKE '%second%' OR text LIKE '%second%') ORDER BY created_at DESC[0m
  Rendered articles/index.html.erb within layouts/application (7.0ms)
Completed 200 OK in 186ms (Views: 155.9ms | ActiveRecord: 1.0ms)


Started GET "/articles?utf8=%E2%9C%93&search=second" for 127.0.0.1 at 2018-06-07 23:53:56 +0300
Processing by ArticlesController#index as HTML
  Parameters: {"utf8"=>"✓", "search"=>"second"}
  Rendering articles/index.html.erb within layouts/application
  [1m[36mArticle Load (1.0ms)[0m  [1m[34mSELECT "articles".* FROM "articles" WHERE (title LIKE '%second%' OR text LIKE '%second%') ORDER BY created_at DESC[0m
  Rendered articles/index.html.erb within layouts/application (8.0ms)
Completed 200 OK in 176ms (Views: 145.6ms | ActiveRecord: 1.0ms)


Started GET "/articles?utf8=%E2%9C%93&search=second" for 127.0.0.1 at 2018-06-07 23:54:32 +0300
Processing by ArticlesController#index as HTML
  Parameters: {"utf8"=>"✓", "search"=>"second"}
  Rendering articles/index.html.erb within layouts/application
  [1m[36mArticle Load (0.0ms)[0m  [1m[34mSELECT "articles".* FROM "articles" WHERE (title LIKE '%second%' OR text LIKE '%second%') ORDER BY created_at DESC[0m
  Rendered articles/index.html.erb within layouts/application (8.0ms)
Completed 200 OK in 173ms (Views: 145.1ms | ActiveRecord: 0.0ms)


Started GET "/" for 127.0.0.1 at 2018-06-07 23:54:44 +0300
Processing by ArticlesController#index as HTML
  Rendering articles/index.html.erb within layouts/application
  [1m[36mArticle Load (1.0ms)[0m  [1m[34mSELECT "articles".* FROM "articles" ORDER BY created_at DESC[0m
  Rendered articles/index.html.erb within layouts/application (7.0ms)
Completed 200 OK in 165ms (Views: 136.6ms | ActiveRecord: 1.0ms)


Started GET "/" for 127.0.0.1 at 2018-06-07 23:56:34 +0300
Processing by ArticlesController#index as HTML
  Rendering articles/index.html.erb within layouts/application
  [1m[36mArticle Load (1.0ms)[0m  [1m[34mSELECT "articles".* FROM "articles" ORDER BY created_at DESC[0m
  Rendered articles/index.html.erb within layouts/application (8.0ms)
Completed 200 OK in 184ms (Views: 151.9ms | ActiveRecord: 1.0ms)


Started GET "/" for 127.0.0.1 at 2018-06-07 23:59:01 +0300
Processing by ArticlesController#index as HTML
  Rendering articles/index.html.erb within layouts/application
  [1m[36mArticle Load (1.0ms)[0m  [1m[34mSELECT "articles".* FROM "articles" ORDER BY created_at DESC[0m
  Rendered articles/index.html.erb within layouts/application (8.0ms)
Completed 200 OK in 179ms (Views: 155.3ms | ActiveRecord: 1.0ms)


Started GET "/" for 127.0.0.1 at 2018-06-07 23:59:09 +0300
Processing by ArticlesController#index as HTML
  Rendering articles/index.html.erb within layouts/application
  [1m[36mArticle Load (1.0ms)[0m  [1m[34mSELECT "articles".* FROM "articles" ORDER BY created_at DESC[0m
  Rendered articles/index.html.erb within layouts/application (8.0ms)
Completed 200 OK in 178ms (Views: 146.8ms | ActiveRecord: 1.0ms)


Started GET "/" for 127.0.0.1 at 2018-06-07 23:59:18 +0300
Processing by ArticlesController#index as HTML
  Rendering articles/index.html.erb within layouts/application
  [1m[36mArticle Load (0.0ms)[0m  [1m[34mSELECT "articles".* FROM "articles" ORDER BY created_at DESC[0m
  Rendered articles/index.html.erb within layouts/application (6.0ms)
Completed 200 OK in 133ms (Views: 111.1ms | ActiveRecord: 0.0ms)


Started GET "/" for 127.0.0.1 at 2018-06-08 00:00:49 +0300
Processing by ArticlesController#index as HTML
  Rendering articles/index.html.erb within layouts/application
  [1m[36mArticle Load (1.0ms)[0m  [1m[34mSELECT "articles".* FROM "articles" ORDER BY created_at DESC[0m
  Rendered articles/index.html.erb within layouts/application (12.0ms)
Completed 200 OK in 164ms (Views: 140.2ms | ActiveRecord: 1.0ms)


